09-12 13:52:40(6612) cos INFO: [Cos_ThreadCreate:99]thread[Cos_InetMgr]:0x3e73f48 create OK
09-12 13:52:40(6612) cos INFO: [Cos_TimerMgrStartProc:135]timer mgr start proc
09-12 13:52:40(6612) cos INFO: [Cos_ThreadCreate:99]thread[COS_TIMER]:0x3e87c10 create OK
09-12 13:52:40(6612) cos INFO: [Cos_ThreadCreate:99]thread[COS_PID_MGR]:0x3e87cd8 create OK
09-12 13:52:40(6612) cos INFO: [Cos_PidMgrStart:28]Cos_PidMgrStart g_stPidMgr.hPidMgrQueue is : 3e87c88
09-12 13:52:40(6612) cos INFO: [Cos_SysInit:86]Cos init ok
09-12 13:52:40(6612) PID_BASE INFO: [Cbbs_SysInit:13]sdk init WorkPath:C:\Users\lenovo\qatime\qatime-studio\qatime-studio CachePath:C:\Users\lenovo\qatime\qatime-studio\qatime-studio
09-12 13:52:40(2492) cos INFO: [Cos_ThreadProc:199]thread[COS_TIMER]:0x3e87c10 , threadid:2492 start ok
09-12 13:52:40(2492) cos INFO: [Cos_TimerMgrProc:111]timer mgr start proc OK
09-12 13:52:40(6952) cos INFO: [Cos_ThreadProc:199]thread[COS_PID_MGR]:0x3e87cd8 , threadid:6952 start ok
09-12 13:52:40(6952) cos INFO: [Cos_PidMgrProc:52]pidmgr start OK
09-12 13:52:40(7192) cos INFO: [Cos_ThreadProc:199]thread[Cos_InetMgr]:0x3e73f48 , threadid:7192 start ok
09-12 13:53:11(6612) NLSS_LOG ERR: [Nlss_UninitParam:251]enter
09-12 13:53:11(6612) NLSS_LOG ERR: [Nlss_InitParam:182]enter
09-12 13:53:11(6612) LS_CAPTURE INFO: [CLSMediaCapture::Initialize:177]CLSMediaCapture::Initialize: 
09-12 13:53:11(6612) NLSS_LOG ERR: [Nlss_StartVideoCapture:264]enter
09-12 13:53:11(6612) ICH INFO: [CLSMediaCapture::StartCameraVideoCapture:969]StartCapture this:3db3e48, m_pVideoCaptureCamera:3e89d48
09-12 13:53:11(6612) LS_CAPCAMERA INFO: [CLSVideoCaptureCamera::StartCapture:206]startCapture: find video moniker \
09-12 13:53:11(6612) LS_CAPCAMERA INFO: [CLSVideoCaptureCamera::SetFrameSize:458]setFrameSize: uiWidth=640,uiHeight=480,fmt=YUY2
09-12 13:53:11(6612) LS_CAPCAMERA INFO: [CLSVideoCaptureCamera::SetFrameRate:573]setformat : vih->AvgTimePerFrame : 500000, vih->bmiHeader.biWidth: 640, vih->bmiHeader.biHeight: 480
09-12 13:53:11(6612) NLSS_ALS INFO: [Nlss_VideoInit:68]Cos_MemOwnerCreate pstVideoObj->hMemOwner:0x0
09-12 13:53:11(6612) LS_CAPCAMERA INFO: [CLSVideoCaptureCamera::StartCapture:285]camera start to capture
09-12 13:53:11(6612) NLSS_LOG ERR: [Nlss_StartVideoPreview:293]enter
09-12 13:53:11(6612) ICH INFO: [CLSMediaCapture::StartCameraVideoPreview:984] this:3db3e48, m_pCameraSource:3e89be8
09-12 13:53:23(6612) NLSS_LOG ERR: [Nlss_StopVideoPreview:333]enter
09-12 13:53:23(6612) NLSS_LOG ERR: [CLSMediaCapture::StopVideoPreview:430]StopVideoPreview StopVideoPreview this:3db3e48 m_pCameraSource:3e89be8
09-12 13:53:23(6612) NLSS_LOG ERR: [Nlss_StopVideoCapture:279]enter
09-12 13:53:23(6612) LS_CAPCAMERA INFO: [CLSVideoCaptureCamera::DShowRelease:128]ymx dshow release finish
09-12 13:53:23(6612) cos ERR: [Cos_ThreadDelete:112]inparam err ((_VOID *)(hThread)) == COS_NULL
09-12 13:53:23(6612) NLSS_ALS INFO: [Nlss_VideoDelObj:211]Cos_MemOwnerDel pstVideoObj->hMemOwner:0x0
09-12 13:53:23(6612) cos ERR: [Cos_MemOwnerDel:99]inparam err ((_VOID *)(hOwner)) == COS_NULL
09-12 13:53:23(6612) cos WARN: [Cos_MemFree:261]invalid magic num 0
09-12 13:53:23(6612) NLSS_LOG ERR: [Nlss_UninitParam:251]enter
09-12 13:53:23(6612) NLSS_LOG ERR: [Nlss_InitParam:182]enter
09-12 13:53:23(6612) LS_CAPTURE INFO: [CLSMediaCapture::Initialize:177]CLSMediaCapture::Initialize: rtmp://pa0a19f55.live.126.net/live/2794c854398f4d05934157e05e2fe419?wsSecret=8880e62060dc3c263cc3ab64896eec30&wsTime=1471330016
09-12 13:53:23(6612) NLSS_LOG ERR: [Nlss_StartVideoCapture:264]enter
09-12 13:53:23(6612) NLSS_LOG ERR: [CLSMediaCapture::StartCameraVideoCapture:963]new CCameraSource
09-12 13:53:23(6612) ICH INFO: [CLSMediaCapture::StartCameraVideoCapture:969]StartCapture this:3db3e48, m_pVideoCaptureCamera:3e89d48
09-12 13:53:23(6612) LS_CAPCAMERA INFO: [CLSVideoCaptureCamera::StartCapture:206]startCapture: find video moniker \
09-12 13:53:23(6612) LS_CAPCAMERA INFO: [CLSVideoCaptureCamera::SetFrameSize:458]setFrameSize: uiWidth=640,uiHeight=480,fmt=YUY2
09-12 13:53:23(6612) LS_CAPCAMERA INFO: [CLSVideoCaptureCamera::SetFrameRate:573]setformat : vih->AvgTimePerFrame : 500000, vih->bmiHeader.biWidth: 640, vih->bmiHeader.biHeight: 480
09-12 13:53:23(6612) NLSS_ALS INFO: [Nlss_VideoInit:68]Cos_MemOwnerCreate pstVideoObj->hMemOwner:0x0
09-12 13:53:23(6612) LS_CAPCAMERA INFO: [CLSVideoCaptureCamera::StartCapture:285]camera start to capture
09-12 13:53:23(6612) NLSS_LOG ERR: [Nlss_StartVideoPreview:293]enter
09-12 13:53:23(6612) ICH INFO: [CLSMediaCapture::StartCameraVideoPreview:984] this:3db3e48, m_pCameraSource:3e89be8
09-12 13:53:23(8572) NLSS_LOG ERR: [Nlss_StartLiveStream:349]enter
09-12 13:53:23(8572) ICH INFO: [CLSMediaCapture::StartLiveStream:502]start livestream times:1
09-12 13:53:23(8572) LS_CAPTURE INFO: [CLSMediaCapture::CreateLiveStream:1027]enter
09-12 13:53:23(8572) LS_CAPTURE INFO: [CLSMediaCapture::CreateLiveStream:1034]CLSMediaCapture::Initialize: rtmp://pa0a19f55.live.126.net/live/2794c854398f4d05934157e05e2fe419?wsSecret=8880e62060dc3c263cc3ab64896eec30&wsTime=1471330016
09-12 13:53:23(8572) PID_CBLS INFO: [Cbls_GetConfInf:578]send conf req:{
	"domainUrl":	"rtmp://pa0a19f55.live.126.net/live/2794c854398f4d05934157e05e2fe419?wsSecret=8880e62060dc3c263cc3ab64896eec30&wsTime=1471330016",
	"sdk_type":	0,
	"sdk_version":	"110",
	"network":	0,
	"platform":	3
}
09-12 13:53:24(8572) PID_CBLS INFO: [Cbls_GetConfInf:605]pucRetCon:{"ret":null,"code":200}
09-12 13:53:24(8572) PID_CBLS INFO: [Cbls_GetConfInf:623]ip_center_schedule: 
09-12 13:53:24(8572) PID_CBLS INFO: [Cbls_GetConfInf:625]qos_para_download: 
09-12 13:53:24(8572) PID_CBLS INFO: [Cbls_GetConfInf:627]qos_adjust_interval: 200
09-12 13:53:24(8572) PID_CBLS INFO: [Cbls_GetConfInf:629]qos_type: 200
09-12 13:53:24(8572) PID_CBLS INFO: [Cbls_GetBestUrlWANGSUPath:341]send best wangsuo url req:{
}
09-12 13:53:24(8572) PID_CBLS INFO: [Cbls_GetBestUrlWANGSUPath:370]pucRetCon:rtmp://211.94.114.29/live/2794c854398f4d05934157e05e2fe419?wsSecret=8880e62060dc3c263cc3ab64896eec30&wsTime=1471330016&wsiphost=ipdbm&wsHost=pn1.live.126.net
09-12 13:53:24(8572) PID_CBLS INFO: [Cbls_SendConnectStatus:495]send stats:{
	"hardware":	"false",
	"device_id":	"28:f3:66:09:16:16",
	"platform":	"",
	"manufacturer":	"Microsoft",
	"session_id":	"1473659604078",
	"sdk_version":	"V1.1.1",
	"push_url":	"rtmp://211.94.114.29/live/2794c854398f4d05934157e05e2fe419?wsSecret=8880e62060dc3c263cc3ab64896eec30&wsTime=1471330016&wsiphost=ipdbm&wsHost=pa0a19f55.live.126.net",
	"create_time":	"1473659604078",
	"print_time":	"1473659604104",
	"connectStats":	"1"
}
09-12 13:53:24(8572) PID_CBLS INFO: [Cbls_SendConnectStatus:532]pucRetCon:{"time":1473659605945,"code":200}, code:200
09-12 13:53:24(8572) ICH INFO: [Mem_OutSysCtxOpen:12]rtmp://211.94.114.29/live/2794c854398f4d05934157e05e2fe419?wsSecret=8880e62060dc3c263cc3ab64896eec30&wsTime=1471330016&wsiphost=ipdbm&wsHost=pa0a19f55.live.126.net,rtmp://211.94.114.29/live/2794c854398f4d05934157e05e2fe419?wsSecret=8880e62060dc3c263cc3ab64896eec30&wsTime=1471330016&wsiphost=ipdbm&wsHost=pa0a19f55.live.126.net
09-12 13:53:24(8572) LS_CAPTURE INFO: [CLSMediaCapture::StartLiveStream:507]CreateLiveStream need 297 ms
09-12 13:53:24(8572) LS_CAPCAMERA INFO: [CCameraSource::StartVideoLiveStream:74]StartVideoLiveStream£ºentry
09-12 13:53:24(8572) LS_CAPCAMERA INFO: [CCameraSource::StartVideoLiveStream:79]StartVideoLiveStream£ºfinish 
09-12 13:53:24(8572) LS_CAPMIC ERR: [CLSAudioCaptureMicrophone::OpenDevice:198]OpenDevice:failed to found audio devices
09-12 13:53:24(8572) LS_CAPTURE INFO: [CLSMediaCapture::StartAudioLiveStream:755]OpenDevice need 0
09-12 13:53:24(8572) LS_CAPMIC ERR: [CLSAudioCaptureMicrophone::StartCapture:472]StartCapture:failed to start, m_pcapDev is NULL
09-12 13:53:24(8572) LS_CAPMIC ERR: [CLSAudioCaptureMicrophone::StartAudioLiveStream:590]StartAudioLiveStream:failed to start capture
09-12 13:53:24(8572) LS_CAPTURE ERR: [CLSMediaCapture::StartAudioLiveStream:759]microphone failed to start audio livestream
09-12 13:53:24(8572) NLSS_LOG ERR: [CLSMediaCapture::StartLiveStream:523]failed to start audio livestream
09-12 13:53:24(9084) cos INFO: [Cos_ThreadCreate:99]thread[NLSS_ALS]:0xc94adb0 create OK
09-12 13:53:24(9084) PID_MEM INFO: [Mem_VideoCtxOpen:44]pVideoParamCtx:c9487d4, width:640, height:480, bitrate:500000, framerate:20, fmt:3, cameraid:0.
09-12 13:53:24(6124) cos INFO: [Cos_ThreadProc:199]thread[NLSS_ALS]:0xc94adb0 , threadid:6124 start ok
09-12 13:53:24(9084) ICH INFO: [Mem_VideoCtxOpen:159]m_pInYUVFrame:d551280, width:640, height:480, format:0, linesize:640.
09-12 13:53:24(9084) PID_MEM INFO: [Mem_OutStreamWriteHeader:148]write the flv header here
09-12 13:53:24(9084) PID_MEM INFO: [Mem_OutStreamWriteHeader:160]wait for another content init
09-12 13:53:36(6612) NLSS_LOG ERR: [Nlss_InitParam:182]enter
09-12 13:53:36(6612) LS_CAPTURE INFO: [CLSMediaCapture::Initialize:177]CLSMediaCapture::Initialize: rtmp://pa0a19f55.live.126.net/live/2794c854398f4d05934157e05e2fe419?wsSecret=8880e62060dc3c263cc3ab64896eec30&wsTime=1471330016
09-12 13:54:44(6124) NLSS_LOG ERR: [Nlss_VideoProc:245]failed to get living status semaphore
09-12 13:54:44(6124) cos INFO: [Cos_ThreadProc:215]thread[NLSS_ALS]:0xc94adb0, threadid:6124 proc complete
09-12 13:54:51(6612) NLSS_LOG ERR: [Nlss_StopLiveStream:362]enter
09-12 13:54:51(6612) NLSS_LOG ERR: [Nlss_Destroy:150]enter
09-12 13:54:52(6612) LS_CAPCAMERA INFO: [CLSVideoCaptureCamera::DShowRelease:128]ymx dshow release finish
09-12 13:54:52(6612) cos INFO: [Cos_ThreadDelete:151]thread[NLSS_ALS]:0xc94adb0 delete ok
09-12 13:54:52(6612) NLSS_ALS INFO: [Nlss_VideoDelObj:211]Cos_MemOwnerDel pstVideoObj->hMemOwner:0x0
09-12 13:54:52(6612) cos ERR: [Cos_MemOwnerDel:99]inparam err ((_VOID *)(hOwner)) == COS_NULL
09-12 13:54:52(6612) cos WARN: [Cos_MemFree:261]invalid magic num 0
09-12 13:54:52(6612) PID_BASE INFO: [Cbbs_SysDestroy:23]sdk destroy succeeded
09-12 13:54:52(6612) cos INFO: [Cos_TimerMgrStopProc:157]timer mgr stop proc
09-12 13:54:52(2492) cos INFO: [Cos_TimerMgrProc:129]timer mgr stop proc OK
09-12 13:54:52(2492) cos INFO: [Cos_ThreadProc:215]thread[COS_TIMER]:0x3e87c10, threadid:2492 proc complete
09-12 13:54:52(6612) cos INFO: [Cos_ThreadDelete:151]thread[COS_TIMER]:0x3e87c10 delete ok
09-12 13:54:52(6952) cos INFO: [Cos_PidMgrProc:63]pidmgr over
09-12 13:54:52(6952) cos INFO: [Cos_ThreadProc:215]thread[COS_PID_MGR]:0x3e87cd8, threadid:6952 proc complete
09-12 13:54:52(6612) cos INFO: [Cos_ThreadDelete:151]thread[COS_PID_MGR]:0x3e87cd8 delete ok
