09-13 09:37:29(5432) cos INFO: [Cos_ThreadCreate:99]thread[Cos_InetMgr]:0x9fc3608 create OK
09-13 09:37:29(4156) cos INFO: [Cos_ThreadProc:199]thread[Cos_InetMgr]:0x9fc3608 , threadid:4156 start ok
09-13 09:37:29(5432) cos INFO: [Cos_TimerMgrStartProc:135]timer mgr start proc
09-13 09:37:29(5432) cos INFO: [Cos_ThreadCreate:99]thread[COS_TIMER]:0x9f8f328 create OK
09-13 09:37:29(5432) cos INFO: [Cos_ThreadCreate:99]thread[COS_PID_MGR]:0x9f8f970 create OK
09-13 09:37:29(5432) cos INFO: [Cos_PidMgrStart:28]Cos_PidMgrStart g_stPidMgr.hPidMgrQueue is : 9f8f3a0
09-13 09:37:29(5512) cos INFO: [Cos_ThreadProc:199]thread[COS_TIMER]:0x9f8f328 , threadid:5512 start ok
09-13 09:37:29(5512) cos INFO: [Cos_TimerMgrProc:111]timer mgr start proc OK
09-13 09:37:29(5432) cos INFO: [Cos_SysInit:86]Cos init ok
09-13 09:37:29(5432) PID_BASE INFO: [Cbbs_SysInit:13]sdk init WorkPath:C:\Users\lenovo\wwtd-code\studio-qatime\qatime-studio CachePath:C:\Users\lenovo\wwtd-code\studio-qatime\qatime-studio
09-13 09:37:29(4472) cos INFO: [Cos_ThreadProc:199]thread[COS_PID_MGR]:0x9f8f970 , threadid:4472 start ok
09-13 09:37:29(4472) cos INFO: [Cos_PidMgrProc:52]pidmgr start OK
09-13 09:37:48(5432) NLSS_LOG ERR: [Nlss_UninitParam:251]enter
09-13 09:37:48(5432) NLSS_LOG ERR: [Nlss_InitParam:182]enter
09-13 09:37:48(5432) LS_CAPTURE INFO: [CLSMediaCapture::Initialize:177]CLSMediaCapture::Initialize: 
09-13 09:37:48(5432) NLSS_LOG ERR: [Nlss_StartVideoCapture:264]enter
09-13 09:37:48(5432) ICH INFO: [CLSMediaCapture::StartCameraVideoCapture:969]StartCapture this:9fbcbe0, m_pVideoCaptureCamera:9f93380
09-13 09:37:48(5432) LS_CAPCAMERA INFO: [CLSVideoCaptureCamera::StartCapture:206]startCapture: find video moniker \
09-13 09:37:48(5432) LS_CAPCAMERA INFO: [CLSVideoCaptureCamera::SetFrameSize:458]setFrameSize: uiWidth=640,uiHeight=480,fmt=YUY2
09-13 09:37:48(5432) LS_CAPCAMERA INFO: [CLSVideoCaptureCamera::SetFrameRate:573]setformat : vih->AvgTimePerFrame : 500000, vih->bmiHeader.biWidth: 640, vih->bmiHeader.biHeight: 480
09-13 09:37:48(5432) NLSS_ALS INFO: [Nlss_VideoInit:68]Cos_MemOwnerCreate pstVideoObj->hMemOwner:0x0
09-13 09:37:49(5432) LS_CAPCAMERA INFO: [CLSVideoCaptureCamera::StartCapture:285]camera start to capture
09-13 09:37:49(5432) NLSS_LOG ERR: [Nlss_StartVideoPreview:293]enter
09-13 09:37:49(5432) ICH INFO: [CLSMediaCapture::StartCameraVideoPreview:984] this:9fbcbe0, m_pCameraSource:9f92e48
09-13 09:37:51(5432) NLSS_LOG ERR: [Nlss_StopVideoPreview:333]enter
09-13 09:37:51(5432) NLSS_LOG ERR: [CLSMediaCapture::StopVideoPreview:430]StopVideoPreview StopVideoPreview this:9fbcbe0 m_pCameraSource:9f92e48
09-13 09:37:51(5432) NLSS_LOG ERR: [Nlss_StopVideoCapture:279]enter
09-13 09:37:51(5432) LS_CAPCAMERA INFO: [CLSVideoCaptureCamera::DShowRelease:128]ymx dshow release finish
09-13 09:37:51(5432) cos ERR: [Cos_ThreadDelete:112]inparam err ((_VOID *)(hThread)) == COS_NULL
09-13 09:37:51(5432) NLSS_ALS INFO: [Nlss_VideoDelObj:211]Cos_MemOwnerDel pstVideoObj->hMemOwner:0x0
09-13 09:37:51(5432) cos ERR: [Cos_MemOwnerDel:99]inparam err ((_VOID *)(hOwner)) == COS_NULL
09-13 09:37:51(5432) cos WARN: [Cos_MemFree:261]invalid magic num 0
09-13 09:37:51(5432) NLSS_LOG ERR: [Nlss_UninitParam:251]enter
09-13 09:37:51(5432) NLSS_LOG ERR: [Nlss_InitParam:182]enter
09-13 09:37:51(5432) LS_CAPTURE INFO: [CLSMediaCapture::Initialize:177]CLSMediaCapture::Initialize: 
09-13 09:37:51(5432) NLSS_LOG ERR: [Nlss_StartVideoCapture:264]enter
09-13 09:37:51(5432) cos INFO: [Cos_ThreadCreate:99]thread[LS_CAPSCREEN]:0xc0b7c20 create OK
09-13 09:37:51(5432) NLSS_LOG ERR: [Nlss_StartVideoPreview:293]enter
09-13 09:37:51(5432) NLSS_LOG ERR: [CLSMediaCapture::StartScreenVideoPreview:1006]this:9fbcbe0, m_pVideoCaptureScreen:9f93688
09-13 09:37:51(6236) cos INFO: [Cos_ThreadProc:199]thread[LS_CAPSCREEN]:0xc0b7c20 , threadid:6236 start ok
09-13 09:37:51(6236) NLSS_ALS INFO: [Nlss_VideoInit:68]Cos_MemOwnerCreate pstVideoObj->hMemOwner:0x0
09-13 09:37:55(5432) NLSS_LOG ERR: [Nlss_StopVideoPreview:333]enter
09-13 09:37:55(5432) NLSS_LOG ERR: [CLSMediaCapture::StopVideoPreview:441]StopVideoPreview StopVideoPreview this:9fbcbe0 m_pVideoCaptureScreen:9f93688
09-13 09:37:55(5432) NLSS_LOG ERR: [Nlss_StopVideoCapture:279]enter
09-13 09:37:55(6236) cos INFO: [Cos_ThreadProc:215]thread[LS_CAPSCREEN]:0xc0b7c20, threadid:6236 proc complete
09-13 09:37:55(5432) cos INFO: [Cos_ThreadDelete:151]thread[LS_CAPSCREEN]:0xc0b7c20 delete ok
09-13 09:37:55(5432) cos ERR: [Cos_ThreadDelete:112]inparam err ((_VOID *)(hThread)) == COS_NULL
09-13 09:37:55(5432) NLSS_ALS INFO: [Nlss_VideoDelObj:211]Cos_MemOwnerDel pstVideoObj->hMemOwner:0x0
09-13 09:37:55(5432) cos ERR: [Cos_MemOwnerDel:99]inparam err ((_VOID *)(hOwner)) == COS_NULL
09-13 09:37:55(5432) cos WARN: [Cos_MemFree:261]invalid magic num -1053386200
09-13 09:37:55(5432) NLSS_LOG ERR: [Nlss_UninitParam:251]enter
09-13 09:37:55(5432) NLSS_LOG ERR: [Nlss_InitParam:182]enter
09-13 09:37:55(5432) LS_CAPTURE INFO: [CLSMediaCapture::Initialize:177]CLSMediaCapture::Initialize: rtmp://pa0a19f55.live.126.net/live/2794c854398f4d05934157e05e2fe419?wsSecret=8880e62060dc3c263cc3ab64896eec30&wsTime=1471330016
09-13 09:37:55(5432) NLSS_LOG ERR: [Nlss_StartVideoCapture:264]enter
09-13 09:37:55(5432) cos INFO: [Cos_ThreadCreate:99]thread[LS_CAPSCREEN]:0xbcd0a10 create OK
09-13 09:37:55(5432) NLSS_LOG ERR: [Nlss_StartVideoPreview:293]enter
09-13 09:37:55(5432) NLSS_LOG ERR: [CLSMediaCapture::StartScreenVideoPreview:1006]this:9fbcbe0, m_pVideoCaptureScreen:9f93688
09-13 09:37:55(4832) NLSS_LOG ERR: [Nlss_StartLiveStream:349]enter
09-13 09:37:55(4832) ICH INFO: [CLSMediaCapture::StartLiveStream:502]start livestream times:1
09-13 09:37:55(4832) LS_CAPTURE INFO: [CLSMediaCapture::CreateLiveStream:1027]enter
09-13 09:37:55(4832) LS_CAPTURE INFO: [CLSMediaCapture::CreateLiveStream:1034]CLSMediaCapture::Initialize: rtmp://pa0a19f55.live.126.net/live/2794c854398f4d05934157e05e2fe419?wsSecret=8880e62060dc3c263cc3ab64896eec30&wsTime=1471330016
09-13 09:37:55(3616) cos INFO: [Cos_ThreadProc:199]thread[LS_CAPSCREEN]:0xbcd0a10 , threadid:3616 start ok
09-13 09:37:55(3616) NLSS_ALS INFO: [Nlss_VideoInit:68]Cos_MemOwnerCreate pstVideoObj->hMemOwner:0x0
09-13 09:37:55(4832) PID_CBLS INFO: [Cbls_GetConfInf:578]send conf req:{
	"domainUrl":	"rtmp://pa0a19f55.live.126.net/live/2794c854398f4d05934157e05e2fe419?wsSecret=8880e62060dc3c263cc3ab64896eec30&wsTime=1471330016",
	"sdk_type":	0,
	"sdk_version":	"110",
	"network":	0,
	"platform":	3
}
09-13 09:37:55(4832) PID_CBLS INFO: [Cbls_GetConfInf:605]pucRetCon:{"ret":null,"code":200}
09-13 09:37:55(4832) PID_CBLS INFO: [Cbls_GetConfInf:623]ip_center_schedule: 
09-13 09:37:55(4832) PID_CBLS INFO: [Cbls_GetConfInf:625]qos_para_download: 
09-13 09:37:55(4832) PID_CBLS INFO: [Cbls_GetConfInf:627]qos_adjust_interval: 200
09-13 09:37:55(4832) PID_CBLS INFO: [Cbls_GetConfInf:629]qos_type: 200
09-13 09:37:55(4832) PID_CBLS INFO: [Cbls_GetBestUrlWANGSUPath:341]send best wangsuo url req:{
}
09-13 09:37:55(4832) PID_CBLS INFO: [Cbls_GetBestUrlWANGSUPath:370]pucRetCon:rtmp://211.94.114.29/live/2794c854398f4d05934157e05e2fe419?wsSecret=8880e62060dc3c263cc3ab64896eec30&wsTime=1471330016&wsiphost=ipdbm&wsHost=pn1.live.126.net
09-13 09:37:55(4832) PID_CBLS INFO: [Cbls_SendConnectStatus:495]send stats:{
	"hardware":	"false",
	"device_id":	"28:f3:66:08:e1:78",
	"platform":	"",
	"manufacturer":	"Microsoft",
	"session_id":	"1473730675874",
	"sdk_version":	"V1.1.1",
	"push_url":	"rtmp://211.94.114.29/live/2794c854398f4d05934157e05e2fe419?wsSecret=8880e62060dc3c263cc3ab64896eec30&wsTime=1471330016&wsiphost=ipdbm&wsHost=pa0a19f55.live.126.net",
	"create_time":	"1473730675874",
	"print_time":	"1473730675922",
	"connectStats":	"1"
}
09-13 09:37:56(4832) PID_CBLS INFO: [Cbls_SendConnectStatus:532]pucRetCon:{"time":1473730674596,"code":200}, code:200
09-13 09:37:56(4832) ICH INFO: [Mem_OutSysCtxOpen:12]rtmp://211.94.114.29/live/2794c854398f4d05934157e05e2fe419?wsSecret=8880e62060dc3c263cc3ab64896eec30&wsTime=1471330016&wsiphost=ipdbm&wsHost=pa0a19f55.live.126.net,rtmp://211.94.114.29/live/2794c854398f4d05934157e05e2fe419?wsSecret=8880e62060dc3c263cc3ab64896eec30&wsTime=1471330016&wsiphost=ipdbm&wsHost=pa0a19f55.live.126.net
09-13 09:37:56(4832) LS_CAPTURE INFO: [CLSMediaCapture::StartLiveStream:507]CreateLiveStream need 281 ms
09-13 09:37:56(3616) cos INFO: [Cos_ThreadCreate:99]thread[NLSS_ALS]:0xbb74308 create OK
09-13 09:37:56(3616) PID_MEM INFO: [Mem_VideoCtxOpen:44]pVideoParamCtx:bcd2cac, width:1920, height:1080, bitrate:700000, framerate:10, fmt:3, cameraid:0.
09-13 09:37:56(5156) cos INFO: [Cos_ThreadProc:199]thread[NLSS_ALS]:0xbb74308 , threadid:5156 start ok
09-13 09:37:56(3616) ICH INFO: [Mem_VideoCtxOpen:159]m_pInYUVFrame:f9a7720, width:1920, height:1080, format:0, linesize:1920.
09-13 09:37:56(3616) PID_MEM INFO: [Mem_OutStreamWriteHeader:148]write the flv header here
09-13 09:37:56(3616) PID_MEM INFO: [Mem_OutStreamWriteHeader:160]wait for another content init
09-13 09:37:56(4832) LS_CAPMIC INFO: [CLSAudioCaptureMicrophone::IsFormatSupport:294]IsFormatSupport:yes
09-13 09:37:56(4832) LS_CAPMIC INFO: [CLSAudioCaptureMicrophone::IsFormatSupport:298]audioformat:samplerate:44100,numofchannels:1,bitspersample:16 supported
09-13 09:37:56(4832) LS_CAPTURE INFO: [CLSMediaCapture::StartAudioLiveStream:755]OpenDevice need 47
09-13 09:37:56(6040) cos INFO: [Cos_ThreadProc:199]thread[LS_CAPMIC]:0xc0df5e8 , threadid:6040 start ok
09-13 09:37:56(4832) cos INFO: [Cos_ThreadCreate:99]thread[LS_CAPMIC]:0xc0df5e8 create OK
09-13 09:37:56(4832) LS_CAPTURE INFO: [CLSMediaCapture::StartAudioLiveStream:763]StartAudioLiveStream need 16 ms
09-13 09:37:56(4832) cos INFO: [Cos_ThreadCreate:99]thread[NLSS_PID]:0xc0e09c8 create OK
09-13 09:37:56(208) cos INFO: [Cos_ThreadProc:199]thread[NLSS_PID]:0xc0e09c8 , threadid:208 start ok
09-13 09:37:56(6040) cos INFO: [Cos_ThreadCreate:99]thread[NLSS_ALS]:0xc0e2258 create OK
09-13 09:37:56(6040) NLSS_ALS INFO: [Nlss_AudioStart:85]AudioStreaming:samplerate 44100
09-13 09:37:56(6040) ICH INFO: [Mem_AudioCtxOpen:49]InitAudioStream: pstAudioParam:bcd2cf8, audio_enc_buf:c0e2378, bitrate:64000, sample_rate:44100, nb_samples:1024, channel_layout:4, fmt:1
09-13 09:37:56(3772) cos INFO: [Cos_ThreadProc:199]thread[NLSS_ALS]:0xc0e2258 , threadid:3772 start ok
09-13 09:37:56(6040) PID_MEM INFO: [Mem_OutStreamWriteHeader:148]write the flv header here
09-13 09:37:56(6040) NLSS_ALS INFO: [Nlss_AudioStart:98]start to living....
09-13 09:37:56(3772) PID_MEM ERR: [Mem_AudioWriteStream:328]enhancer_enhanceSpeech failed
09-13 09:37:56(3772) PID_CBLS ERR: [Cbls_WriteAudioStream:263]Mem_VideoWriteStream failed
09-13 09:37:56(3772) PID_MEM ERR: [Mem_AudioWriteStream:328]enhancer_enhanceSpeech failed
09-13 09:37:56(3772) PID_CBLS ERR: [Cbls_WriteAudioStream:263]Mem_VideoWriteStream failed
09-13 09:37:56(3772) PID_MEM ERR: [Mem_AudioWriteStream:328]enhancer_enhanceSpeech failed
09-13 09:37:56(3772) PID_CBLS ERR: [Cbls_WriteAudioStream:263]Mem_VideoWriteStream failed
09-13 09:37:58(208) PID_CBLS ERR: [Cbls_SendLivingStatus:386]Mep_HttpConDoEasy stCode:28
09-13 09:38:00(5156) cos ERR: [Cos_list_NodeRmvHead:68]inparam err ((_VOID *)(pstList->pstHead)) == COS_NULL
09-13 09:38:00(5156) NLSS_LOG ERR: [Nlss_VideoProc:269] get null audio buff node
09-13 09:38:01(5156) cos ERR: [Cos_list_NodeRmvHead:68]inparam err ((_VOID *)(pstList->pstHead)) == COS_NULL
09-13 09:38:01(5156) NLSS_LOG ERR: [Nlss_VideoProc:269] get null audio buff node
09-13 09:38:01(5156) cos ERR: [Cos_list_NodeRmvHead:68]inparam err ((_VOID *)(pstList->pstHead)) == COS_NULL
09-13 09:38:01(5156) NLSS_LOG ERR: [Nlss_VideoProc:269] get null audio buff node
09-13 09:38:02(5156) cos ERR: [Cos_list_NodeRmvHead:68]inparam err ((_VOID *)(pstList->pstHead)) == COS_NULL
09-13 09:38:02(5156) NLSS_LOG ERR: [Nlss_VideoProc:269] get null audio buff node
09-13 09:38:02(5156) cos ERR: [Cos_list_NodeRmvHead:68]inparam err ((_VOID *)(pstList->pstHead)) == COS_NULL
09-13 09:38:02(5156) NLSS_LOG ERR: [Nlss_VideoProc:269] get null audio buff node
09-13 09:38:03(5156) cos ERR: [Cos_list_NodeRmvHead:68]inparam err ((_VOID *)(pstList->pstHead)) == COS_NULL
09-13 09:38:03(5156) NLSS_LOG ERR: [Nlss_VideoProc:269] get null audio buff node
09-13 09:38:03(5156) cos ERR: [Cos_list_NodeRmvHead:68]inparam err ((_VOID *)(pstList->pstHead)) == COS_NULL
09-13 09:38:03(5156) NLSS_LOG ERR: [Nlss_VideoProc:269] get null audio buff node
09-13 09:38:06(5156) cos ERR: [Cos_list_NodeRmvHead:68]inparam err ((_VOID *)(pstList->pstHead)) == COS_NULL
09-13 09:38:06(5156) NLSS_LOG ERR: [Nlss_VideoProc:269] get null audio buff node
09-13 09:38:07(5156) cos ERR: [Cos_list_NodeRmvHead:68]inparam err ((_VOID *)(pstList->pstHead)) == COS_NULL
09-13 09:38:07(5156) NLSS_LOG ERR: [Nlss_VideoProc:269] get null audio buff node
09-13 09:38:08(5156) cos ERR: [Cos_list_NodeRmvHead:68]inparam err ((_VOID *)(pstList->pstHead)) == COS_NULL
09-13 09:38:08(5156) NLSS_LOG ERR: [Nlss_VideoProc:269] get null audio buff node
09-13 09:38:09(5156) cos ERR: [Cos_list_NodeRmvHead:68]inparam err ((_VOID *)(pstList->pstHead)) == COS_NULL
09-13 09:38:09(5156) NLSS_LOG ERR: [Nlss_VideoProc:269] get null audio buff node
09-13 09:38:09(5156) cos ERR: [Cos_list_NodeRmvHead:68]inparam err ((_VOID *)(pstList->pstHead)) == COS_NULL
09-13 09:38:09(5156) NLSS_LOG ERR: [Nlss_VideoProc:269] get null audio buff node
09-13 09:38:12(5156) cos ERR: [Cos_list_NodeRmvHead:68]inparam err ((_VOID *)(pstList->pstHead)) == COS_NULL
09-13 09:38:12(5156) NLSS_LOG ERR: [Nlss_VideoProc:269] get null audio buff node
09-13 09:38:12(5156) cos ERR: [Cos_list_NodeRmvHead:68]inparam err ((_VOID *)(pstList->pstHead)) == COS_NULL
09-13 09:38:12(5156) NLSS_LOG ERR: [Nlss_VideoProc:269] get null audio buff node
09-13 09:38:12(208) PID_CBLS ERR: [Cbls_SendLivingStatus:402]call fun:(iTrd_Json_Parse) err<0>
09-13 09:38:15(5156) cos ERR: [Cos_list_NodeRmvHead:68]inparam err ((_VOID *)(pstList->pstHead)) == COS_NULL
09-13 09:38:15(5156) NLSS_LOG ERR: [Nlss_VideoProc:269] get null audio buff node
09-13 09:38:15(5156) cos ERR: [Cos_list_NodeRmvHead:68]inparam err ((_VOID *)(pstList->pstHead)) == COS_NULL
09-13 09:38:15(5156) NLSS_LOG ERR: [Nlss_VideoProc:269] get null audio buff node
09-13 09:38:17(5156) cos ERR: [Cos_list_NodeRmvHead:68]inparam err ((_VOID *)(pstList->pstHead)) == COS_NULL
09-13 09:38:17(5156) NLSS_LOG ERR: [Nlss_VideoProc:269] get null audio buff node
09-13 09:38:22(5156) cos ERR: [Cos_list_NodeRmvHead:68]inparam err ((_VOID *)(pstList->pstHead)) == COS_NULL
09-13 09:38:22(5156) NLSS_LOG ERR: [Nlss_VideoProc:269] get null audio buff node
09-13 09:38:24(5156) cos ERR: [Cos_list_NodeRmvHead:68]inparam err ((_VOID *)(pstList->pstHead)) == COS_NULL
09-13 09:38:24(5156) NLSS_LOG ERR: [Nlss_VideoProc:269] get null audio buff node
09-13 09:38:24(208) PID_CBLS ERR: [Cbls_SendLivingStatus:402]call fun:(iTrd_Json_Parse) err<0>
09-13 09:38:25(5156) cos ERR: [Cos_list_NodeRmvHead:68]inparam err ((_VOID *)(pstList->pstHead)) == COS_NULL
09-13 09:38:25(5156) NLSS_LOG ERR: [Nlss_VideoProc:269] get null audio buff node
09-13 09:38:26(5156) cos ERR: [Cos_list_NodeRmvHead:68]inparam err ((_VOID *)(pstList->pstHead)) == COS_NULL
09-13 09:38:26(5156) NLSS_LOG ERR: [Nlss_VideoProc:269] get null audio buff node
09-13 09:38:28(5156) cos ERR: [Cos_list_NodeRmvHead:68]inparam err ((_VOID *)(pstList->pstHead)) == COS_NULL
09-13 09:38:28(5156) NLSS_LOG ERR: [Nlss_VideoProc:269] get null audio buff node
09-13 09:38:28(5156) cos ERR: [Cos_list_NodeRmvHead:68]inparam err ((_VOID *)(pstList->pstHead)) == COS_NULL
09-13 09:38:28(5156) NLSS_LOG ERR: [Nlss_VideoProc:269] get null audio buff node
09-13 09:38:29(5156) cos ERR: [Cos_list_NodeRmvHead:68]inparam err ((_VOID *)(pstList->pstHead)) == COS_NULL
09-13 09:38:29(5156) NLSS_LOG ERR: [Nlss_VideoProc:269] get null audio buff node
09-13 09:38:37(5156) cos ERR: [Cos_list_NodeRmvHead:68]inparam err ((_VOID *)(pstList->pstHead)) == COS_NULL
09-13 09:38:37(5156) NLSS_LOG ERR: [Nlss_VideoProc:269] get null audio buff node
09-13 09:38:37(5156) cos ERR: [Cos_list_NodeRmvHead:68]inparam err ((_VOID *)(pstList->pstHead)) == COS_NULL
09-13 09:38:37(5156) NLSS_LOG ERR: [Nlss_VideoProc:269] get null audio buff node
09-13 09:38:40(5156) cos ERR: [Cos_list_NodeRmvHead:68]inparam err ((_VOID *)(pstList->pstHead)) == COS_NULL
09-13 09:38:40(5156) NLSS_LOG ERR: [Nlss_VideoProc:269] get null audio buff node
09-13 09:38:40(5156) cos ERR: [Cos_list_NodeRmvHead:68]inparam err ((_VOID *)(pstList->pstHead)) == COS_NULL
09-13 09:38:40(5156) NLSS_LOG ERR: [Nlss_VideoProc:269] get null audio buff node
09-13 09:38:41(208) PID_CBLS ERR: [Cbls_SendLivingStatus:402]call fun:(iTrd_Json_Parse) err<0>
09-13 09:38:52(208) PID_CBLS ERR: [Cbls_SendLivingStatus:402]call fun:(iTrd_Json_Parse) err<0>
09-13 09:38:56(5156) cos ERR: [Cos_list_NodeRmvHead:68]inparam err ((_VOID *)(pstList->pstHead)) == COS_NULL
09-13 09:38:56(5156) NLSS_LOG ERR: [Nlss_VideoProc:269] get null audio buff node
09-13 09:38:57(5156) cos ERR: [Cos_list_NodeRmvHead:68]inparam err ((_VOID *)(pstList->pstHead)) == COS_NULL
09-13 09:38:57(5156) NLSS_LOG ERR: [Nlss_VideoProc:269] get null audio buff node
09-13 09:38:59(5156) cos ERR: [Cos_list_NodeRmvHead:68]inparam err ((_VOID *)(pstList->pstHead)) == COS_NULL
09-13 09:38:59(5156) NLSS_LOG ERR: [Nlss_VideoProc:269] get null audio buff node
09-13 09:39:02(208) PID_CBLS ERR: [Cbls_SendLivingStatus:402]call fun:(iTrd_Json_Parse) err<0>
09-13 09:39:03(5156) cos ERR: [Cos_list_NodeRmvHead:68]inparam err ((_VOID *)(pstList->pstHead)) == COS_NULL
09-13 09:39:03(5156) NLSS_LOG ERR: [Nlss_VideoProc:269] get null audio buff node
09-13 09:39:05(5156) cos ERR: [Cos_list_NodeRmvHead:68]inparam err ((_VOID *)(pstList->pstHead)) == COS_NULL
09-13 09:39:05(5156) NLSS_LOG ERR: [Nlss_VideoProc:269] get null audio buff node
09-13 09:39:06(5432) NLSS_LOG ERR: [Nlss_UninitParam:251]enter
09-13 09:39:06(5432) NLSS_LOG ERR: [Nlss_StopVideoCapture:279]enter
09-13 09:39:06(4832) NLSS_LOG ERR: [Nlss_StopLiveStream:362]enter
09-13 09:39:06(4832) LS_CAPTURE INFO: [CLSMediaCapture::StopLiveStream:549]stop livestream times:1
09-13 09:39:06(3616) cos INFO: [Cos_ThreadProc:215]thread[LS_CAPSCREEN]:0xbcd0a10, threadid:3616 proc complete
09-13 09:39:06(5432) cos INFO: [Cos_ThreadDelete:151]thread[LS_CAPSCREEN]:0xbcd0a10 delete ok
09-13 09:39:06(5156) cos INFO: [Cos_ThreadProc:215]thread[NLSS_ALS]:0xbb74308, threadid:5156 proc complete
09-13 09:39:06(5432) cos INFO: [Cos_ThreadDelete:151]thread[NLSS_ALS]:0xbb74308 delete ok
09-13 09:39:06(5432) NLSS_ALS INFO: [Nlss_VideoDelObj:211]Cos_MemOwnerDel pstVideoObj->hMemOwner:0x0
09-13 09:39:06(5432) cos ERR: [Cos_MemOwnerDel:99]inparam err ((_VOID *)(hOwner)) == COS_NULL
09-13 09:39:06(5432) cos WARN: [Cos_MemFree:261]invalid magic num 0
09-13 09:39:06(5432) NLSS_LOG ERR: [Nlss_StopVideoPreview:333]enter
09-13 09:39:06(5432) NLSS_LOG ERR: [CLSMediaCapture::StopVideoPreview:441]StopVideoPreview StopVideoPreview this:9fbcbe0 m_pVideoCaptureScreen:9f93688
09-13 09:39:06(5432) NLSS_LOG ERR: [Nlss_InitParam:182]enter
09-13 09:39:06(5432) LS_CAPTURE INFO: [CLSMediaCapture::Initialize:177]CLSMediaCapture::Initialize: rtmp://pa0a19f55.live.126.net/live/2794c854398f4d05934157e05e2fe419?wsSecret=8880e62060dc3c263cc3ab64896eec30&wsTime=1471330016
09-13 09:39:06(5432) NLSS_LOG ERR: [Nlss_StartVideoCapture:264]enter
09-13 09:39:06(5432) cos INFO: [Cos_ThreadCreate:99]thread[LS_CAPSCREEN]:0xbb63ed0 create OK
09-13 09:39:06(5432) NLSS_LOG ERR: [Nlss_StartVideoPreview:293]enter
09-13 09:39:06(5432) NLSS_LOG ERR: [CLSMediaCapture::StartScreenVideoPreview:1006]this:9fbcbe0, m_pVideoCaptureScreen:9f93688
09-13 09:39:06(8036) cos INFO: [Cos_ThreadProc:199]thread[LS_CAPSCREEN]:0xbb63ed0 , threadid:8036 start ok
09-13 09:39:06(8036) NLSS_ALS INFO: [Nlss_VideoInit:68]Cos_MemOwnerCreate pstVideoObj->hMemOwner:0x0
09-13 09:39:06(208) PID_CBLS ERR: [Cbls_SendEndLivingStatus:441]Mep_HttpConDoEasy stCode:23
09-13 09:39:06(208) cos INFO: [Cos_ThreadProc:215]thread[NLSS_PID]:0xc0e09c8, threadid:208 proc complete
09-13 09:39:06(4832) cos WARN: [Cos_ThreadDelete:140]thread:NLSS_PID exit need time 400
09-13 09:39:06(4832) cos INFO: [Cos_ThreadDelete:151]thread[NLSS_PID]:0xc0e09c8 delete ok
09-13 09:39:06(4832) LS_CAPTURE INFO: [CLSMediaCapture::StopLiveStream:555]CLSMediaCapture::StopLiveStream(): stop video livestream
09-13 09:39:06(4832) cos ERR: [Cos_ThreadDelete:112]inparam err ((_VOID *)(hThread)) == COS_NULL
09-13 09:39:06(4832) cos ERR: [Mem_VideoFilterCtxClose:114]inparam err ((_VOID *)(hMemVideoFilterCtx)) == COS_NULL
09-13 09:39:06(4832) LS_CAPTURE INFO: [CLSMediaCapture::StopLiveStream:561]CLSMediaCapture::StopLiveStream(): stop audio livestream
09-13 09:39:06(3772) cos INFO: [Cos_ThreadProc:215]thread[NLSS_ALS]:0xc0e2258, threadid:3772 proc complete
09-13 09:39:06(4832) cos INFO: [Cos_ThreadDelete:151]thread[NLSS_ALS]:0xc0e2258 delete ok
09-13 09:39:06(4832) cos WARN: [Cos_MemFree:261]invalid magic num 0
09-13 09:39:06(6040) cos INFO: [Cos_ThreadProc:215]thread[LS_CAPMIC]:0xc0df5e8, threadid:6040 proc complete
09-13 09:39:06(4832) cos INFO: [Cos_ThreadDelete:151]thread[LS_CAPMIC]:0xc0df5e8 delete ok
09-13 09:39:06(4832) LS_CAPTURE INFO: [CLSMediaCapture::StopLiveStream:574]CLSMediaCapture::StopLiveStream() need 63 ms
09-13 09:39:06(4832) NLSS_LOG ERR: [Nlss_StartLiveStream:349]enter
09-13 09:39:06(4832) ICH INFO: [CLSMediaCapture::StartLiveStream:502]start livestream times:2
09-13 09:39:06(4832) LS_CAPTURE INFO: [CLSMediaCapture::CreateLiveStream:1027]enter
09-13 09:39:06(4832) LS_CAPTURE INFO: [CLSMediaCapture::CreateLiveStream:1034]CLSMediaCapture::Initialize: rtmp://pa0a19f55.live.126.net/live/2794c854398f4d05934157e05e2fe419?wsSecret=8880e62060dc3c263cc3ab64896eec30&wsTime=1471330016
09-13 09:39:06(4832) PID_CBLS INFO: [Cbls_GetConfInf:578]send conf req:{
	"domainUrl":	"rtmp://pa0a19f55.live.126.net/live/2794c854398f4d05934157e05e2fe419?wsSecret=8880e62060dc3c263cc3ab64896eec30&wsTime=1471330016",
	"sdk_type":	0,
	"sdk_version":	"110",
	"network":	0,
	"platform":	3
}
09-13 09:39:06(4832) PID_CBLS INFO: [Cbls_GetConfInf:605]pucRetCon:{"ret":null,"code":200}
09-13 09:39:06(4832) PID_CBLS INFO: [Cbls_GetConfInf:623]ip_center_schedule: 
09-13 09:39:06(4832) PID_CBLS INFO: [Cbls_GetConfInf:625]qos_para_download: 
09-13 09:39:06(4832) PID_CBLS INFO: [Cbls_GetConfInf:627]qos_adjust_interval: 200
09-13 09:39:06(4832) PID_CBLS INFO: [Cbls_GetConfInf:629]qos_type: 200
09-13 09:39:06(4832) PID_CBLS INFO: [Cbls_GetBestUrlWANGSUPath:341]send best wangsuo url req:{
}
09-13 09:39:06(4832) PID_CBLS INFO: [Cbls_GetBestUrlWANGSUPath:370]pucRetCon:rtmp://211.94.114.30/live/2794c854398f4d05934157e05e2fe419?wsSecret=8880e62060dc3c263cc3ab64896eec30&wsTime=1471330016&wsiphost=ipdbm&wsHost=pn1.live.126.net
09-13 09:39:06(4832) PID_CBLS INFO: [Cbls_SendConnectStatus:495]send stats:{
	"hardware":	"false",
	"device_id":	"28:f3:66:08:e1:78",
	"platform":	"",
	"manufacturer":	"Microsoft",
	"session_id":	"1473730746856",
	"sdk_version":	"V1.1.1",
	"push_url":	"rtmp://211.94.114.30/live/2794c854398f4d05934157e05e2fe419?wsSecret=8880e62060dc3c263cc3ab64896eec30&wsTime=1471330016&wsiphost=ipdbm&wsHost=pa0a19f55.live.126.net",
	"create_time":	"1473730746856",
	"print_time":	"1473730746910",
	"connectStats":	"1"
}
09-13 09:39:06(4832) PID_CBLS INFO: [Cbls_SendConnectStatus:532]pucRetCon:{"time":1473730745582,"code":200}, code:200
09-13 09:39:06(4832) ICH INFO: [Mem_OutSysCtxOpen:12]rtmp://211.94.114.30/live/2794c854398f4d05934157e05e2fe419?wsSecret=8880e62060dc3c263cc3ab64896eec30&wsTime=1471330016&wsiphost=ipdbm&wsHost=pa0a19f55.live.126.net,rtmp://211.94.114.30/live/2794c854398f4d05934157e05e2fe419?wsSecret=8880e62060dc3c263cc3ab64896eec30&wsTime=1471330016&wsiphost=ipdbm&wsHost=pa0a19f55.live.126.net
09-13 09:39:06(4832) LS_CAPTURE INFO: [CLSMediaCapture::StartLiveStream:507]CreateLiveStream need 281 ms
09-13 09:39:07(4832) LS_CAPMIC INFO: [CLSAudioCaptureMicrophone::IsFormatSupport:294]IsFormatSupport:yes
09-13 09:39:07(4832) LS_CAPMIC INFO: [CLSAudioCaptureMicrophone::IsFormatSupport:298]audioformat:samplerate:44100,numofchannels:1,bitspersample:16 supported
09-13 09:39:07(4832) LS_CAPTURE INFO: [CLSMediaCapture::StartAudioLiveStream:755]OpenDevice need 15
09-13 09:39:07(2132) cos INFO: [Cos_ThreadProc:199]thread[LS_CAPMIC]:0xc108d70 , threadid:2132 start ok
09-13 09:39:07(4832) cos INFO: [Cos_ThreadCreate:99]thread[LS_CAPMIC]:0xc108d70 create OK
09-13 09:39:07(4832) LS_CAPTURE INFO: [CLSMediaCapture::StartAudioLiveStream:763]StartAudioLiveStream need 0 ms
09-13 09:39:07(4832) cos INFO: [Cos_ThreadCreate:99]thread[NLSS_PID]:0x5b29920 create OK
09-13 09:39:07(1380) cos INFO: [Cos_ThreadProc:199]thread[NLSS_PID]:0x5b29920 , threadid:1380 start ok
09-13 09:39:07(8036) cos INFO: [Cos_ThreadCreate:99]thread[NLSS_ALS]:0xc0dd9e8 create OK
09-13 09:39:07(8036) PID_MEM INFO: [Mem_VideoCtxOpen:44]pVideoParamCtx:c13596c, width:1936, height:1056, bitrate:700000, framerate:10, fmt:3, cameraid:0.
09-13 09:39:07(3820) cos INFO: [Cos_ThreadProc:199]thread[NLSS_ALS]:0xc0dd9e8 , threadid:3820 start ok
09-13 09:39:07(8036) ICH INFO: [Mem_VideoCtxOpen:159]m_pInYUVFrame:f932140, width:1936, height:1056, format:0, linesize:1936.
09-13 09:39:07(8036) PID_MEM INFO: [Mem_OutStreamWriteHeader:148]write the flv header here
09-13 09:39:07(8036) PID_MEM INFO: [Mem_OutStreamWriteHeader:160]wait for another content init
09-13 09:39:07(2132) cos INFO: [Cos_ThreadCreate:99]thread[NLSS_ALS]:0xbcd4ca0 create OK
09-13 09:39:07(2132) NLSS_ALS INFO: [Nlss_AudioStart:85]AudioStreaming:samplerate 44100
09-13 09:39:07(2132) ICH INFO: [Mem_AudioCtxOpen:49]InitAudioStream: pstAudioParam:c1359b8, audio_enc_buf:9f25d68, bitrate:64000, sample_rate:44100, nb_samples:1024, channel_layout:4, fmt:1
09-13 09:39:07(3240) cos INFO: [Cos_ThreadProc:199]thread[NLSS_ALS]:0xbcd4ca0 , threadid:3240 start ok
09-13 09:39:07(2132) PID_MEM INFO: [Mem_OutStreamWriteHeader:148]write the flv header here
09-13 09:39:07(2132) NLSS_ALS INFO: [Nlss_AudioStart:98]start to living....
09-13 09:39:07(3240) PID_MEM ERR: [Mem_AudioWriteStream:328]enhancer_enhanceSpeech failed
09-13 09:39:07(3240) PID_CBLS ERR: [Cbls_WriteAudioStream:263]Mem_VideoWriteStream failed
09-13 09:39:07(3240) PID_MEM ERR: [Mem_AudioWriteStream:328]enhancer_enhanceSpeech failed
09-13 09:39:07(3240) PID_CBLS ERR: [Cbls_WriteAudioStream:263]Mem_VideoWriteStream failed
09-13 09:39:07(3240) PID_MEM ERR: [Mem_AudioWriteStream:328]enhancer_enhanceSpeech failed
09-13 09:39:07(3240) PID_CBLS ERR: [Cbls_WriteAudioStream:263]Mem_VideoWriteStream failed
09-13 09:39:07(3820) cos ERR: [Cos_list_NodeRmvHead:68]inparam err ((_VOID *)(pstList->pstHead)) == COS_NULL
09-13 09:39:07(3820) NLSS_LOG ERR: [Nlss_VideoProc:269] get null audio buff node
09-13 09:39:07(1380) PID_CBLS ERR: [Cbls_SendLivingStatus:402]call fun:(iTrd_Json_Parse) err<0>
09-13 09:39:12(3820) cos ERR: [Cos_list_NodeRmvHead:68]inparam err ((_VOID *)(pstList->pstHead)) == COS_NULL
09-13 09:39:12(3820) NLSS_LOG ERR: [Nlss_VideoProc:269] get null audio buff node
09-13 09:39:14(3820) cos ERR: [Cos_list_NodeRmvHead:68]inparam err ((_VOID *)(pstList->pstHead)) == COS_NULL
09-13 09:39:14(3820) NLSS_LOG ERR: [Nlss_VideoProc:269] get null audio buff node
09-13 09:39:14(3820) cos ERR: [Cos_list_NodeRmvHead:68]inparam err ((_VOID *)(pstList->pstHead)) == COS_NULL
09-13 09:39:14(3820) NLSS_LOG ERR: [Nlss_VideoProc:269] get null audio buff node
09-13 09:39:15(3820) cos ERR: [Cos_list_NodeRmvHead:68]inparam err ((_VOID *)(pstList->pstHead)) == COS_NULL
09-13 09:39:15(3820) NLSS_LOG ERR: [Nlss_VideoProc:269] get null audio buff node
09-13 09:39:17(3820) cos ERR: [Cos_list_NodeRmvHead:68]inparam err ((_VOID *)(pstList->pstHead)) == COS_NULL
09-13 09:39:17(3820) NLSS_LOG ERR: [Nlss_VideoProc:269] get null audio buff node
09-13 09:39:18(3820) cos ERR: [Cos_list_NodeRmvHead:68]inparam err ((_VOID *)(pstList->pstHead)) == COS_NULL
09-13 09:39:18(3820) NLSS_LOG ERR: [Nlss_VideoProc:269] get null audio buff node
09-13 09:39:19(3820) cos ERR: [Cos_list_NodeRmvHead:68]inparam err ((_VOID *)(pstList->pstHead)) == COS_NULL
09-13 09:39:19(3820) NLSS_LOG ERR: [Nlss_VideoProc:269] get null audio buff node
09-13 09:39:20(1380) PID_CBLS ERR: [Cbls_SendLivingStatus:402]call fun:(iTrd_Json_Parse) err<0>
09-13 09:39:20(3820) cos ERR: [Cos_list_NodeRmvHead:68]inparam err ((_VOID *)(pstList->pstHead)) == COS_NULL
09-13 09:39:20(3820) NLSS_LOG ERR: [Nlss_VideoProc:269] get null audio buff node
09-13 09:39:22(3820) cos ERR: [Cos_list_NodeRmvHead:68]inparam err ((_VOID *)(pstList->pstHead)) == COS_NULL
09-13 09:39:22(3820) NLSS_LOG ERR: [Nlss_VideoProc:269] get null audio buff node
09-13 09:39:23(3820) cos ERR: [Cos_list_NodeRmvHead:68]inparam err ((_VOID *)(pstList->pstHead)) == COS_NULL
09-13 09:39:23(3820) NLSS_LOG ERR: [Nlss_VideoProc:269] get null audio buff node
09-13 09:39:24(3820) cos ERR: [Cos_list_NodeRmvHead:68]inparam err ((_VOID *)(pstList->pstHead)) == COS_NULL
09-13 09:39:24(3820) NLSS_LOG ERR: [Nlss_VideoProc:269] get null audio buff node
09-13 09:39:25(3820) cos ERR: [Cos_list_NodeRmvHead:68]inparam err ((_VOID *)(pstList->pstHead)) == COS_NULL
09-13 09:39:25(3820) NLSS_LOG ERR: [Nlss_VideoProc:269] get null audio buff node
09-13 09:39:26(3820) cos ERR: [Cos_list_NodeRmvHead:68]inparam err ((_VOID *)(pstList->pstHead)) == COS_NULL
09-13 09:39:26(3820) NLSS_LOG ERR: [Nlss_VideoProc:269] get null audio buff node
09-13 09:39:26(3820) cos ERR: [Cos_list_NodeRmvHead:68]inparam err ((_VOID *)(pstList->pstHead)) == COS_NULL
09-13 09:39:26(3820) NLSS_LOG ERR: [Nlss_VideoProc:269] get null audio buff node
09-13 09:39:27(3820) cos ERR: [Cos_list_NodeRmvHead:68]inparam err ((_VOID *)(pstList->pstHead)) == COS_NULL
09-13 09:39:27(3820) NLSS_LOG ERR: [Nlss_VideoProc:269] get null audio buff node
09-13 09:39:28(3820) cos ERR: [Cos_list_NodeRmvHead:68]inparam err ((_VOID *)(pstList->pstHead)) == COS_NULL
09-13 09:39:28(3820) NLSS_LOG ERR: [Nlss_VideoProc:269] get null audio buff node
09-13 09:39:28(3820) cos ERR: [Cos_list_NodeRmvHead:68]inparam err ((_VOID *)(pstList->pstHead)) == COS_NULL
09-13 09:39:28(3820) NLSS_LOG ERR: [Nlss_VideoProc:269] get null audio buff node
09-13 09:39:31(1380) PID_CBLS ERR: [Cbls_SendLivingStatus:402]call fun:(iTrd_Json_Parse) err<0>
09-13 09:39:32(3820) cos ERR: [Cos_list_NodeRmvHead:68]inparam err ((_VOID *)(pstList->pstHead)) == COS_NULL
09-13 09:39:32(3820) NLSS_LOG ERR: [Nlss_VideoProc:269] get null audio buff node
09-13 09:39:32(3820) cos ERR: [Cos_list_NodeRmvHead:68]inparam err ((_VOID *)(pstList->pstHead)) == COS_NULL
09-13 09:39:32(3820) NLSS_LOG ERR: [Nlss_VideoProc:269] get null audio buff node
09-13 09:39:37(3820) cos ERR: [Cos_list_NodeRmvHead:68]inparam err ((_VOID *)(pstList->pstHead)) == COS_NULL
09-13 09:39:37(3820) NLSS_LOG ERR: [Nlss_VideoProc:269] get null audio buff node
09-13 09:39:38(3820) cos ERR: [Cos_list_NodeRmvHead:68]inparam err ((_VOID *)(pstList->pstHead)) == COS_NULL
09-13 09:39:38(3820) NLSS_LOG ERR: [Nlss_VideoProc:269] get null audio buff node
09-13 09:39:39(3820) cos ERR: [Cos_list_NodeRmvHead:68]inparam err ((_VOID *)(pstList->pstHead)) == COS_NULL
09-13 09:39:39(3820) NLSS_LOG ERR: [Nlss_VideoProc:269] get null audio buff node
09-13 09:39:41(1380) PID_CBLS ERR: [Cbls_SendLivingStatus:402]call fun:(iTrd_Json_Parse) err<0>
09-13 09:39:43(3820) cos ERR: [Cos_list_NodeRmvHead:68]inparam err ((_VOID *)(pstList->pstHead)) == COS_NULL
09-13 09:39:43(3820) NLSS_LOG ERR: [Nlss_VideoProc:269] get null audio buff node
09-13 09:39:47(3820) cos ERR: [Cos_list_NodeRmvHead:68]inparam err ((_VOID *)(pstList->pstHead)) == COS_NULL
09-13 09:39:47(3820) NLSS_LOG ERR: [Nlss_VideoProc:269] get null audio buff node
09-13 09:39:50(3820) cos ERR: [Cos_list_NodeRmvHead:68]inparam err ((_VOID *)(pstList->pstHead)) == COS_NULL
09-13 09:39:50(3820) NLSS_LOG ERR: [Nlss_VideoProc:269] get null audio buff node
09-13 09:39:53(1380) PID_CBLS ERR: [Cbls_SendLivingStatus:402]call fun:(iTrd_Json_Parse) err<0>
09-13 09:39:53(3820) cos ERR: [Cos_list_NodeRmvHead:68]inparam err ((_VOID *)(pstList->pstHead)) == COS_NULL
09-13 09:39:53(3820) NLSS_LOG ERR: [Nlss_VideoProc:269] get null audio buff node
09-13 09:39:57(3820) cos ERR: [Cos_list_NodeRmvHead:68]inparam err ((_VOID *)(pstList->pstHead)) == COS_NULL
09-13 09:39:57(3820) NLSS_LOG ERR: [Nlss_VideoProc:269] get null audio buff node
09-13 09:39:57(3820) cos ERR: [Cos_list_NodeRmvHead:68]inparam err ((_VOID *)(pstList->pstHead)) == COS_NULL
09-13 09:39:57(3820) NLSS_LOG ERR: [Nlss_VideoProc:269] get null audio buff node
09-13 09:40:01(3820) cos ERR: [Cos_list_NodeRmvHead:68]inparam err ((_VOID *)(pstList->pstHead)) == COS_NULL
09-13 09:40:01(3820) NLSS_LOG ERR: [Nlss_VideoProc:269] get null audio buff node
09-13 09:40:01(3820) cos ERR: [Cos_list_NodeRmvHead:68]inparam err ((_VOID *)(pstList->pstHead)) == COS_NULL
09-13 09:40:01(3820) NLSS_LOG ERR: [Nlss_VideoProc:269] get null audio buff node
09-13 09:40:03(3820) cos ERR: [Cos_list_NodeRmvHead:68]inparam err ((_VOID *)(pstList->pstHead)) == COS_NULL
09-13 09:40:03(3820) NLSS_LOG ERR: [Nlss_VideoProc:269] get null audio buff node
09-13 09:40:04(3820) cos ERR: [Cos_list_NodeRmvHead:68]inparam err ((_VOID *)(pstList->pstHead)) == COS_NULL
09-13 09:40:04(3820) NLSS_LOG ERR: [Nlss_VideoProc:269] get null audio buff node
09-13 09:40:04(1380) PID_CBLS ERR: [Cbls_SendLivingStatus:402]call fun:(iTrd_Json_Parse) err<0>
09-13 09:40:05(3820) cos ERR: [Cos_list_NodeRmvHead:68]inparam err ((_VOID *)(pstList->pstHead)) == COS_NULL
09-13 09:40:05(3820) NLSS_LOG ERR: [Nlss_VideoProc:269] get null audio buff node
09-13 09:40:06(3820) cos ERR: [Cos_list_NodeRmvHead:68]inparam err ((_VOID *)(pstList->pstHead)) == COS_NULL
09-13 09:40:06(3820) NLSS_LOG ERR: [Nlss_VideoProc:269] get null audio buff node
09-13 09:40:08(3820) cos ERR: [Cos_list_NodeRmvHead:68]inparam err ((_VOID *)(pstList->pstHead)) == COS_NULL
09-13 09:40:08(3820) NLSS_LOG ERR: [Nlss_VideoProc:269] get null audio buff node
09-13 09:40:10(3820) cos ERR: [Cos_list_NodeRmvHead:68]inparam err ((_VOID *)(pstList->pstHead)) == COS_NULL
09-13 09:40:10(3820) NLSS_LOG ERR: [Nlss_VideoProc:269] get null audio buff node
09-13 09:40:12(3820) cos ERR: [Cos_list_NodeRmvHead:68]inparam err ((_VOID *)(pstList->pstHead)) == COS_NULL
09-13 09:40:12(3820) NLSS_LOG ERR: [Nlss_VideoProc:269] get null audio buff node
09-13 09:40:12(3820) cos ERR: [Cos_list_NodeRmvHead:68]inparam err ((_VOID *)(pstList->pstHead)) == COS_NULL
09-13 09:40:12(3820) NLSS_LOG ERR: [Nlss_VideoProc:269] get null audio buff node
09-13 09:40:14(3820) cos ERR: [Cos_list_NodeRmvHead:68]inparam err ((_VOID *)(pstList->pstHead)) == COS_NULL
09-13 09:40:14(3820) NLSS_LOG ERR: [Nlss_VideoProc:269] get null audio buff node
09-13 09:40:15(1380) PID_CBLS INFO: [Cbls_SendStats:504]send stats:{
	"hardware":	"false",
	"device_id":	"28:f3:66:08:e1:78",
	"platform":	"",
	"manufacturer":	"Microsoft",
	"session_id":	"1473730746856",
	"sdk_version":	"V1.1.1",
	"push_url":	"rtmp://211.94.114.30/live/2794c854398f4d05934157e05e2fe419?wsSecret=8880e62060dc3c263cc3ab64896eec30&wsTime=1471330016&wsiphost=ipdbm&wsHost=pa0a19f55.live.126.net",
	"create_time":	"1473730746856",
	"real_v_res":	"1936x1056",
	"set_v_res":	"1936x1056",
	"connectStats":	"0",
	"print_time":	"1473730748428,1473730749433,1473730750434,1473730751435,1473730753155,1473730755266,1473730756598,1473730757600,1473730758601,1473730759613,1473730760702,1473730761945,1473730762946,1473730764081,1473730765082,1473730766493,1473730767494,1473730768719,1473730769732,1473730770733,1473730771810,1473730772825,1473730773840,1473730774842,1473730775843,1473730776860,1473730777860,1473730779004,1473730780005,1473730781005,1473730782079,1473730783080,1473730784093,1473730785095,1473730786102,1473730787103,1473730788105,1473730789106,1473730791447,1473730792466,1473730793550,1473730794560,1473730795561,1473730796561,1473730797562,1473730798757,1473730799759,1473730802288,1473730803289,1473730804290,1473730805369,1473730806379,1473730807380,1473730808381,1473730809568,1473730810570,1473730811571,1473730813417,1473730814418,1473730815425",
	"real_v_fps":	"10,12,13,10,8,7,7,8,7,8,8,9,8,9,9,9,8,8,9,9,9,9,9,10,10,10,10,10,10,10,10,10,11,11,11,11,11,11,11,11,11,11,11,11,11,11,11,11,11,11,10,11,11,11,11,11,11,11,11,11",
	"set_v_fps":	"10,10,10,10,10,10,10,10,10,10,10,10,10,10,10,10,10,10,10,10,10,10,10,10,10,10,10,10,10,10,10,10,10,10,10,10,10,10,10,10,10,10,10,10,10,10,10,10,10,10,10,10,10,10,10,10,10,10,10,10",
	"real_v_kbps":	"648,851,878,720,533,411,475,527,493,517,503,539,550,540,556,535,545,528,550,570,563,575,593,587,607,625,629,620,629,641,651,647,659,665,675,669,677,666,657,667,670,677,673,683,683,677,677,655,658,652,652,649,655,647,654,657,651,651,653,649",
	"set_v_kbps":	"683,683,683,683,683,683,683,683,683,683,683,683,683,683,683,683,683,683,683,683,683,683,683,683,683,683,683,683,683,683,683,683,683,683,683,683,683,683,683,683,683,683,683,683,683,683,683,683,683,683,683,683,683,683,683,683,683,683,683,683",
	"v_pre_time":	"1,3,1,0,0,1,1,2,3,1,2,0,0,4,1,2,3,0,0,1,2,5,0,1,1,2,1,1,0,2,0,2,2,3,2,1,1,1,1,2,3,1,0,1,0,0,4,2,3,1,0,3,1,1,2,1,2,4,0,1",
	"v_enc_time":	"18,17,17,20,16,17,15,15,15,14,16,14,18,13,15,14,22,18,16,17,15,17,15,17,18,20,18,15,19,16,19,16,15,16,15,15,15,15,15,16,14,16,14,17,17,17,19,15,15,14,15,15,18,17,14,15,15,14,15,17",
	"v_send_time":	"17,0,4,41,1516,255,32,31,187,26,0,25,101,22,36,70,40,201,9,1,0,62,0,0,1,2,28,45,29,0,0,0,16,8,6,1,42,9,100,1,24,1,6,1,46,15,0,197,32,57,62,1,32,0,21,37,9,93,29,0",
	"real_a_kbps":	"53,56,58,48,48,59,60,61,61,61,61,61,61,61,61,61,60,61,61,61,61,61,61,61,62,62,62,62,62,62,62,62,62,62,62,62,62,61,62,62,62,62,62,62,62,62,61,62,62,62,62,62,62,62,62,62,62,62,62,62",
	"a_pre_time":	"0,0,0,0,0,0,0,0,0,0,0,0,0,0,0,0,0,0,0,0,0,0,0,0,0,0,0,0,0,0,0,0,0,0,0,0,0,0,0,0,0,0,0,0,0,0,0,0,0,0,0,0,0,0,0,0,0,0,0,0",
	"a_enc_time":	"0,0,0,0,0,0,0,0,0,0,0,0,0,1,0,0,0,0,0,0,0,0,0,0,0,0,0,0,0,0,0,0,0,0,0,0,1,0,0,0,0,0,0,0,0,0,1,0,0,0,0,0,0,0,0,0,0,0,0,0",
	"a_send_time":	"6,0,1,159,36,5,0,10,16,6,7,1,20,2,19,5,47,7,2,0,0,10,0,0,0,2,10,7,7,0,0,0,6,2,1,0,10,51,0,0,6,0,4,0,14,0,258,1,7,10,11,0,7,8,0,8,30,2,6,0",
	"total_av_kbps":	"701,907,936,768,581,470,535,588,554,578,564,600,611,601,617,596,605,589,611,631,624,636,654,648,669,687,691,682,691,703,713,709,721,727,737,731,739,727,719,729,732,739,735,745,745,739,738,717,720,714,714,711,717,709,716,719,713,713,715,711",
	"video_send_kbps":	"648,851,878,720,533,411,475,527,493,517,503,539,550,540,556,535,545,528,550,570,563,575,593,587,607,625,629,620,629,641,651,647,659,665,675,669,677,666,657,667,670,677,673,683,683,677,677,655,658,652,652,649,655,647,654,657,651,651,653,649",
	"audio_send_kbps":	"53,56,58,48,48,59,60,61,61,61,61,61,61,61,61,61,60,61,61,61,61,61,61,61,62,62,62,62,62,62,62,62,62,62,62,62,62,61,62,62,62,***
09-13 09:40:15(1380) PID_CBLS INFO: [Cbls_SendStats:538]pucRetCon:{"time":1473730814172,"code":200}, code:200
09-13 09:40:16(1380) PID_CBLS ERR: [Cbls_SendLivingStatus:402]call fun:(iTrd_Json_Parse) err<0>
09-13 09:40:19(3820) cos ERR: [Cos_list_NodeRmvHead:68]inparam err ((_VOID *)(pstList->pstHead)) == COS_NULL
09-13 09:40:19(3820) NLSS_LOG ERR: [Nlss_VideoProc:269] get null audio buff node
09-13 09:40:21(3820) cos ERR: [Cos_list_NodeRmvHead:68]inparam err ((_VOID *)(pstList->pstHead)) == COS_NULL
09-13 09:40:21(3820) NLSS_LOG ERR: [Nlss_VideoProc:269] get null audio buff node
09-13 09:40:23(3820) cos ERR: [Cos_list_NodeRmvHead:68]inparam err ((_VOID *)(pstList->pstHead)) == COS_NULL
09-13 09:40:23(3820) NLSS_LOG ERR: [Nlss_VideoProc:269] get null audio buff node
09-13 09:40:26(1380) PID_CBLS ERR: [Cbls_SendLivingStatus:402]call fun:(iTrd_Json_Parse) err<0>
09-13 09:40:27(3820) cos ERR: [Cos_list_NodeRmvHead:68]inparam err ((_VOID *)(pstList->pstHead)) == COS_NULL
09-13 09:40:27(3820) NLSS_LOG ERR: [Nlss_VideoProc:269] get null audio buff node
09-13 09:40:32(3820) cos ERR: [Cos_list_NodeRmvHead:68]inparam err ((_VOID *)(pstList->pstHead)) == COS_NULL
09-13 09:40:32(3820) NLSS_LOG ERR: [Nlss_VideoProc:269] get null audio buff node
09-13 09:40:35(3820) cos ERR: [Cos_list_NodeRmvHead:68]inparam err ((_VOID *)(pstList->pstHead)) == COS_NULL
09-13 09:40:35(3820) NLSS_LOG ERR: [Nlss_VideoProc:269] get null audio buff node
09-13 09:40:37(3820) cos ERR: [Cos_list_NodeRmvHead:68]inparam err ((_VOID *)(pstList->pstHead)) == COS_NULL
09-13 09:40:37(3820) NLSS_LOG ERR: [Nlss_VideoProc:269] get null audio buff node
09-13 09:40:38(3820) cos ERR: [Cos_list_NodeRmvHead:68]inparam err ((_VOID *)(pstList->pstHead)) == COS_NULL
09-13 09:40:38(3820) NLSS_LOG ERR: [Nlss_VideoProc:269] get null audio buff node
09-13 09:40:38(1380) PID_CBLS ERR: [Cbls_SendLivingStatus:386]Mep_HttpConDoEasy stCode:28
09-13 09:40:38(3820) cos ERR: [Cos_list_NodeRmvHead:68]inparam err ((_VOID *)(pstList->pstHead)) == COS_NULL
09-13 09:40:38(3820) NLSS_LOG ERR: [Nlss_VideoProc:269] get null audio buff node
09-13 09:40:39(3820) cos ERR: [Cos_list_NodeRmvHead:68]inparam err ((_VOID *)(pstList->pstHead)) == COS_NULL
09-13 09:40:39(3820) NLSS_LOG ERR: [Nlss_VideoProc:269] get null audio buff node
09-13 09:40:45(3820) cos ERR: [Cos_list_NodeRmvHead:68]inparam err ((_VOID *)(pstList->pstHead)) == COS_NULL
09-13 09:40:45(3820) NLSS_LOG ERR: [Nlss_VideoProc:269] get null audio buff node
09-13 09:40:48(3820) cos ERR: [Cos_list_NodeRmvHead:68]inparam err ((_VOID *)(pstList->pstHead)) == COS_NULL
09-13 09:40:48(3820) NLSS_LOG ERR: [Nlss_VideoProc:269] get null audio buff node
09-13 09:40:48(1380) PID_CBLS ERR: [Cbls_SendLivingStatus:402]call fun:(iTrd_Json_Parse) err<0>
09-13 09:40:52(5432) NLSS_LOG ERR: [Nlss_StopLiveStream:362]enter
09-13 09:40:52(5432) LS_CAPTURE INFO: [CLSMediaCapture::StopLiveStream:549]stop livestream times:2
09-13 09:40:52(1380) PID_CBLS ERR: [Cbls_SendEndLivingStatus:441]Mep_HttpConDoEasy stCode:23
09-13 09:40:52(1380) cos INFO: [Cos_ThreadProc:215]thread[NLSS_PID]:0x5b29920, threadid:1380 proc complete
09-13 09:40:52(5432) cos WARN: [Cos_ThreadDelete:140]thread:NLSS_PID exit need time 280
09-13 09:40:52(5432) cos INFO: [Cos_ThreadDelete:151]thread[NLSS_PID]:0x5b29920 delete ok
09-13 09:40:52(5432) LS_CAPTURE INFO: [CLSMediaCapture::StopLiveStream:555]CLSMediaCapture::StopLiveStream(): stop video livestream
09-13 09:40:52(3820) cos INFO: [Cos_ThreadProc:215]thread[NLSS_ALS]:0xc0dd9e8, threadid:3820 proc complete
09-13 09:40:52(5432) cos INFO: [Cos_ThreadDelete:151]thread[NLSS_ALS]:0xc0dd9e8 delete ok
09-13 09:40:52(5432) cos ERR: [Mem_VideoFilterCtxClose:114]inparam err ((_VOID *)(hMemVideoFilterCtx)) == COS_NULL
09-13 09:40:52(5432) LS_CAPTURE INFO: [CLSMediaCapture::StopLiveStream:561]CLSMediaCapture::StopLiveStream(): stop audio livestream
09-13 09:40:52(3240) cos INFO: [Cos_ThreadProc:215]thread[NLSS_ALS]:0xbcd4ca0, threadid:3240 proc complete
09-13 09:40:52(5432) cos INFO: [Cos_ThreadDelete:151]thread[NLSS_ALS]:0xbcd4ca0 delete ok
09-13 09:40:52(5432) cos WARN: [Cos_MemFree:261]invalid magic num 0
09-13 09:40:52(2132) cos INFO: [Cos_ThreadProc:215]thread[LS_CAPMIC]:0xc108d70, threadid:2132 proc complete
09-13 09:40:52(5432) cos INFO: [Cos_ThreadDelete:151]thread[LS_CAPMIC]:0xc108d70 delete ok
09-13 09:40:52(5432) LS_CAPTURE INFO: [CLSMediaCapture::StopLiveStream:574]CLSMediaCapture::StopLiveStream() need 78 ms
09-13 09:40:52(5432) NLSS_LOG ERR: [Nlss_Destroy:150]enter
09-13 09:40:52(8036) cos INFO: [Cos_ThreadProc:215]thread[LS_CAPSCREEN]:0xbb63ed0, threadid:8036 proc complete
09-13 09:40:52(5432) cos INFO: [Cos_ThreadDelete:151]thread[LS_CAPSCREEN]:0xbb63ed0 delete ok
09-13 09:40:52(5432) cos ERR: [Cos_ThreadDelete:112]inparam err ((_VOID *)(hThread)) == COS_NULL
09-13 09:40:52(5432) NLSS_ALS INFO: [Nlss_VideoDelObj:211]Cos_MemOwnerDel pstVideoObj->hMemOwner:0x0
09-13 09:40:52(5432) cos ERR: [Cos_MemOwnerDel:99]inparam err ((_VOID *)(hOwner)) == COS_NULL
09-13 09:40:52(5432) cos WARN: [Cos_MemFree:261]invalid magic num 1701258806
09-13 09:40:52(5432) PID_BASE INFO: [Cbbs_SysDestroy:23]sdk destroy succeeded
09-13 09:40:52(5432) cos INFO: [Cos_TimerMgrStopProc:157]timer mgr stop proc
09-13 09:40:52(5512) cos INFO: [Cos_TimerMgrProc:129]timer mgr stop proc OK
09-13 09:40:52(5512) cos INFO: [Cos_ThreadProc:215]thread[COS_TIMER]:0x9f8f328, threadid:5512 proc complete
09-13 09:40:52(5432) cos INFO: [Cos_ThreadDelete:151]thread[COS_TIMER]:0x9f8f328 delete ok
09-13 09:40:52(4472) cos INFO: [Cos_PidMgrProc:63]pidmgr over
09-13 09:40:52(4472) cos INFO: [Cos_ThreadProc:215]thread[COS_PID_MGR]:0x9f8f970, threadid:4472 proc complete
09-13 09:40:52(5432) cos INFO: [Cos_ThreadDelete:151]thread[COS_PID_MGR]:0x9f8f970 delete ok
