09-12 11:24:31(6312) cos INFO: [Cos_ThreadCreate:99]thread[Cos_InetMgr]:0x411c008 create OK
09-12 11:24:31(6312) cos INFO: [Cos_TimerMgrStartProc:135]timer mgr start proc
09-12 11:24:31(6312) cos INFO: [Cos_ThreadCreate:99]thread[COS_TIMER]:0x6a3c780 create OK
09-12 11:24:31(6312) cos INFO: [Cos_ThreadCreate:99]thread[COS_PID_MGR]:0x41353f0 create OK
09-12 11:24:31(6312) cos INFO: [Cos_PidMgrStart:28]Cos_PidMgrStart g_stPidMgr.hPidMgrQueue is : 41353a0
09-12 11:24:31(6312) cos INFO: [Cos_SysInit:86]Cos init ok
09-12 11:24:31(6312) PID_BASE INFO: [Cbbs_SysInit:13]sdk init WorkPath:C:\Users\lenovo\qatime\qatime-studio\qatime-studio CachePath:C:\Users\lenovo\qatime\qatime-studio\qatime-studio
09-12 11:24:31(6316) cos INFO: [Cos_ThreadProc:199]thread[Cos_InetMgr]:0x411c008 , threadid:6316 start ok
09-12 11:24:31(2184) cos INFO: [Cos_ThreadProc:199]thread[COS_PID_MGR]:0x41353f0 , threadid:2184 start ok
09-12 11:24:31(2184) cos INFO: [Cos_PidMgrProc:52]pidmgr start OK
09-12 11:24:31(1244) cos INFO: [Cos_ThreadProc:199]thread[COS_TIMER]:0x6a3c780 , threadid:1244 start ok
09-12 11:24:31(1244) cos INFO: [Cos_TimerMgrProc:111]timer mgr start proc OK
09-12 11:24:32(6312) NLSS_LOG ERR: [Nlss_UninitParam:251]enter
09-12 11:24:32(6312) NLSS_LOG ERR: [Nlss_InitParam:182]enter
09-12 11:24:32(6312) LS_CAPTURE INFO: [CLSMediaCapture::Initialize:177]CLSMediaCapture::Initialize: 
09-12 11:24:32(6312) NLSS_LOG ERR: [Nlss_StartVideoCapture:264]enter
09-12 11:24:32(6312) ICH INFO: [CLSMediaCapture::StartCameraVideoCapture:969]StartCapture this:6a3c5a0, m_pVideoCaptureCamera:6a7c978
09-12 11:24:32(6312) LS_CAPCAMERA ERR: [CLSVideoCaptureCamera::StartCapture:201]startCapture: Failed to find video moniker ýÿýÿýÿýÿýÿýÿýÿýÿ
09-12 11:24:32(6312) NLSS_LOG ERR: [CLSMediaCapture::StartCameraVideoCapture:972]failed to start camera capture
09-12 11:24:32(6312) NLSS_LOG ERR: [CLSMediaCapture::StartVideoCapture:303]CLSMediaCapture::StartVideoPreview(): failed to start camera capture
09-12 11:24:39(6312) NLSS_LOG ERR: [Nlss_UninitParam:251]enter
09-12 11:24:39(6312) NLSS_LOG ERR: [Nlss_InitParam:182]enter
09-12 11:24:39(6312) LS_CAPTURE INFO: [CLSMediaCapture::Initialize:177]CLSMediaCapture::Initialize: rtmp://pa0a19f55.live.126.net/live/2794c854398f4d05934157e05e2fe419?wsSecret=8880e62060dc3c263cc3ab64896eec30&wsTime=1471330016
09-12 11:24:39(6312) NLSS_LOG ERR: [Nlss_StartVideoCapture:264]enter
09-12 11:24:39(6312) ICH INFO: [CLSMediaCapture::StartCameraVideoCapture:969]StartCapture this:6a3c5a0, m_pVideoCaptureCamera:6a7c978
09-12 11:24:39(6312) LS_CAPCAMERA ERR: [CLSVideoCaptureCamera::StartCapture:201]startCapture: Failed to find video moniker ýÿýÿU
09-12 11:24:39(6312) NLSS_LOG ERR: [CLSMediaCapture::StartCameraVideoCapture:972]failed to start camera capture
09-12 11:24:39(6312) NLSS_LOG ERR: [CLSMediaCapture::StartVideoCapture:303]CLSMediaCapture::StartVideoPreview(): failed to start camera capture
09-12 11:24:42(6312) NLSS_LOG ERR: [Nlss_UninitParam:251]enter
09-12 11:24:42(6312) NLSS_LOG ERR: [Nlss_InitParam:182]enter
09-12 11:24:42(6312) LS_CAPTURE INFO: [CLSMediaCapture::Initialize:177]CLSMediaCapture::Initialize: rtmp://pa0a19f55.live.126.net/live/2794c854398f4d05934157e05e2fe419?wsSecret=8880e62060dc3c263cc3ab64896eec30&wsTime=1471330016
09-12 11:24:42(6312) NLSS_LOG ERR: [Nlss_StartVideoCapture:264]enter
09-12 11:24:42(6312) cos INFO: [Cos_ThreadCreate:99]thread[LS_CAPSCREEN]:0xc53ddc8 create OK
09-12 11:24:42(6312) NLSS_LOG ERR: [Nlss_StartVideoPreview:293]enter
09-12 11:24:42(6312) NLSS_LOG ERR: [CLSMediaCapture::StartScreenVideoPreview:1006]this:6a3c5a0, m_pVideoCaptureScreen:6aabd38
09-12 11:24:42(3808) cos INFO: [Cos_ThreadProc:199]thread[LS_CAPSCREEN]:0xc53ddc8 , threadid:3808 start ok
09-12 11:24:42(3808) NLSS_ALS INFO: [Nlss_VideoInit:68]Cos_MemOwnerCreate pstVideoObj->hMemOwner:0x0
09-12 11:24:50(6312) NLSS_LOG ERR: [Nlss_StopVideoPreview:333]enter
09-12 11:24:50(6312) NLSS_LOG ERR: [CLSMediaCapture::StopVideoPreview:441]StopVideoPreview StopVideoPreview this:6a3c5a0 m_pVideoCaptureScreen:6aabd38
09-12 11:24:50(6312) NLSS_LOG ERR: [Nlss_StopVideoCapture:279]enter
09-12 11:24:50(3808) cos INFO: [Cos_ThreadProc:215]thread[LS_CAPSCREEN]:0xc53ddc8, threadid:3808 proc complete
09-12 11:24:50(6312) cos INFO: [Cos_ThreadDelete:151]thread[LS_CAPSCREEN]:0xc53ddc8 delete ok
09-12 11:24:50(6312) cos ERR: [Cos_ThreadDelete:112]inparam err ((_VOID *)(hThread)) == COS_NULL
09-12 11:24:50(6312) NLSS_ALS INFO: [Nlss_VideoDelObj:211]Cos_MemOwnerDel pstVideoObj->hMemOwner:0x0
09-12 11:24:50(6312) cos ERR: [Cos_MemOwnerDel:99]inparam err ((_VOID *)(hOwner)) == COS_NULL
09-12 11:24:50(6312) cos WARN: [Cos_MemFree:261]invalid magic num 6553710
09-12 11:24:50(6312) NLSS_LOG ERR: [Nlss_UninitParam:251]enter
09-12 11:24:50(6312) NLSS_LOG ERR: [Nlss_InitParam:182]enter
09-12 11:24:50(6312) LS_CAPTURE INFO: [CLSMediaCapture::Initialize:177]CLSMediaCapture::Initialize: rtmp://pa0a19f55.live.126.net/live/2794c854398f4d05934157e05e2fe419?wsSecret=8880e62060dc3c263cc3ab64896eec30&wsTime=1471330016
09-12 11:24:50(6312) NLSS_LOG ERR: [Nlss_StartVideoCapture:264]enter
09-12 11:24:50(6312) cos INFO: [Cos_ThreadCreate:99]thread[LS_CAPSCREEN]:0xc53ddc8 create OK
09-12 11:24:50(6312) NLSS_LOG ERR: [Nlss_StartVideoPreview:293]enter
09-12 11:24:50(6312) NLSS_LOG ERR: [CLSMediaCapture::StartScreenVideoPreview:1006]this:6a3c5a0, m_pVideoCaptureScreen:6aabd38
09-12 11:24:50(8412) cos INFO: [Cos_ThreadProc:199]thread[LS_CAPSCREEN]:0xc53ddc8 , threadid:8412 start ok
09-12 11:24:50(8412) NLSS_ALS INFO: [Nlss_VideoInit:68]Cos_MemOwnerCreate pstVideoObj->hMemOwner:0x0
09-12 11:25:02(6312) NLSS_LOG ERR: [Nlss_StopLiveStream:362]enter
09-12 11:25:02(6312) NLSS_LOG ERR: [Nlss_Destroy:150]enter
09-12 11:25:02(8412) cos INFO: [Cos_ThreadProc:215]thread[LS_CAPSCREEN]:0xc53ddc8, threadid:8412 proc complete
09-12 11:25:02(6312) cos INFO: [Cos_ThreadDelete:151]thread[LS_CAPSCREEN]:0xc53ddc8 delete ok
09-12 11:25:02(6312) cos ERR: [Cos_ThreadDelete:112]inparam err ((_VOID *)(hThread)) == COS_NULL
09-12 11:25:02(6312) NLSS_ALS INFO: [Nlss_VideoDelObj:211]Cos_MemOwnerDel pstVideoObj->hMemOwner:0x0
09-12 11:25:02(6312) cos ERR: [Cos_MemOwnerDel:99]inparam err ((_VOID *)(hOwner)) == COS_NULL
09-12 11:25:02(6312) cos WARN: [Cos_MemFree:261]invalid magic num 0
09-12 11:25:02(6312) PID_BASE INFO: [Cbbs_SysDestroy:23]sdk destroy succeeded
09-12 11:25:02(6312) cos INFO: [Cos_TimerMgrStopProc:157]timer mgr stop proc
09-12 11:25:02(1244) cos INFO: [Cos_TimerMgrProc:129]timer mgr stop proc OK
09-12 11:25:02(1244) cos INFO: [Cos_ThreadProc:215]thread[COS_TIMER]:0x6a3c780, threadid:1244 proc complete
09-12 11:25:02(6312) cos INFO: [Cos_ThreadDelete:151]thread[COS_TIMER]:0x6a3c780 delete ok
09-12 11:25:02(2184) cos INFO: [Cos_PidMgrProc:63]pidmgr over
09-12 11:25:02(2184) cos INFO: [Cos_ThreadProc:215]thread[COS_PID_MGR]:0x41353f0, threadid:2184 proc complete
09-12 11:25:02(6312) cos INFO: [Cos_ThreadDelete:151]thread[COS_PID_MGR]:0x41353f0 delete ok
