09-12 14:12:19(4640) cos INFO: [Cos_ThreadCreate:99]thread[Cos_InetMgr]:0x3b264a8 create OK
09-12 14:12:19(4640) cos INFO: [Cos_TimerMgrStartProc:135]timer mgr start proc
09-12 14:12:19(4640) cos INFO: [Cos_ThreadCreate:99]thread[COS_TIMER]:0x3b269e0 create OK
09-12 14:12:19(4640) cos INFO: [Cos_ThreadCreate:99]thread[COS_PID_MGR]:0x3af01d8 create OK
09-12 14:12:19(4640) cos INFO: [Cos_PidMgrStart:28]Cos_PidMgrStart g_stPidMgr.hPidMgrQueue is : 3aefd90
09-12 14:12:19(8576) cos INFO: [Cos_ThreadProc:199]thread[Cos_InetMgr]:0x3b264a8 , threadid:8576 start ok
09-12 14:12:19(4640) cos INFO: [Cos_SysInit:86]Cos init ok
09-12 14:12:19(4640) PID_BASE INFO: [Cbbs_SysInit:13]sdk init WorkPath:C:\Users\lenovo\qatime\qatime-studio\qatime-studio CachePath:C:\Users\lenovo\qatime\qatime-studio\qatime-studio
09-12 14:12:19(6984) cos INFO: [Cos_ThreadProc:199]thread[COS_TIMER]:0x3b269e0 , threadid:6984 start ok
09-12 14:12:19(6984) cos INFO: [Cos_TimerMgrProc:111]timer mgr start proc OK
09-12 14:12:19(6900) cos INFO: [Cos_ThreadProc:199]thread[COS_PID_MGR]:0x3af01d8 , threadid:6900 start ok
09-12 14:12:19(6900) cos INFO: [Cos_PidMgrProc:52]pidmgr start OK
09-12 14:12:31(4640) NLSS_LOG ERR: [Nlss_UninitParam:251]enter
09-12 14:12:31(4640) NLSS_LOG ERR: [Nlss_InitParam:182]enter
09-12 14:12:31(4640) LS_CAPTURE INFO: [CLSMediaCapture::Initialize:177]CLSMediaCapture::Initialize: 
09-12 14:12:31(4640) NLSS_LOG ERR: [Nlss_StartVideoCapture:264]enter
09-12 14:12:31(4640) cos INFO: [Cos_ThreadCreate:99]thread[LS_CAPSCREEN]:0x9f511f0 create OK
09-12 14:12:31(4640) NLSS_LOG ERR: [Nlss_StartVideoPreview:293]enter
09-12 14:12:31(4640) NLSS_LOG ERR: [CLSMediaCapture::StartScreenVideoPreview:1006]this:3b1ea80, m_pVideoCaptureScreen:3af48b0
09-12 14:12:31(8148) cos INFO: [Cos_ThreadProc:199]thread[LS_CAPSCREEN]:0x9f511f0 , threadid:8148 start ok
09-12 14:12:31(8148) NLSS_ALS INFO: [Nlss_VideoInit:68]Cos_MemOwnerCreate pstVideoObj->hMemOwner:0x0
09-12 14:12:37(4640) NLSS_LOG ERR: [Nlss_StopVideoPreview:333]enter
