09-12 16:14:45(6728) cos INFO: [Cos_ThreadCreate:99]thread[Cos_InetMgr]:0x7535280 create OK
09-12 16:14:45(6728) cos INFO: [Cos_TimerMgrStartProc:135]timer mgr start proc
09-12 16:14:45(6728) cos INFO: [Cos_ThreadCreate:99]thread[COS_TIMER]:0x7549a18 create OK
09-12 16:14:45(4928) cos INFO: [Cos_ThreadProc:199]thread[Cos_InetMgr]:0x7535280 , threadid:4928 start ok
09-12 16:14:45(6728) cos INFO: [Cos_ThreadCreate:99]thread[COS_PID_MGR]:0x7549bd0 create OK
09-12 16:14:45(6728) cos INFO: [Cos_PidMgrStart:28]Cos_PidMgrStart g_stPidMgr.hPidMgrQueue is : 7549a90
09-12 16:14:45(6728) cos INFO: [Cos_SysInit:86]Cos init ok
09-12 16:14:45(6728) PID_BASE INFO: [Cbbs_SysInit:13]sdk init WorkPath:C:\Users\lenovo\qatime\qatime-studio\qatime-studio CachePath:C:\Users\lenovo\qatime\qatime-studio\qatime-studio
09-12 16:14:45(8228) cos INFO: [Cos_ThreadProc:199]thread[COS_TIMER]:0x7549a18 , threadid:8228 start ok
09-12 16:14:45(8228) cos INFO: [Cos_TimerMgrProc:111]timer mgr start proc OK
09-12 16:14:45(8708) cos INFO: [Cos_ThreadProc:199]thread[COS_PID_MGR]:0x7549bd0 , threadid:8708 start ok
09-12 16:14:45(8708) cos INFO: [Cos_PidMgrProc:52]pidmgr start OK
09-12 16:15:02(6728) NLSS_LOG ERR: [Nlss_UninitParam:251]enter
09-12 16:15:02(6728) NLSS_LOG ERR: [Nlss_InitParam:182]enter
09-12 16:15:02(6728) LS_CAPTURE INFO: [CLSMediaCapture::Initialize:177]CLSMediaCapture::Initialize: rtmp://pa0a19f55.live.126.net/live/2794c854398f4d05934157e05e2fe419?wsSecret=8880e62060dc3c263cc3ab64896eec30&wsTime=1471330016
09-12 16:15:02(6728) NLSS_LOG ERR: [Nlss_StartVideoCapture:264]enter
09-12 16:15:02(6728) NLSS_LOG ERR: [Nlss_StartVideoPreview:293]enter
09-12 16:15:02(10064) NLSS_LOG ERR: [Nlss_StartLiveStream:349]enter
09-12 16:15:02(10064) ICH INFO: [CLSMediaCapture::StartLiveStream:502]start livestream times:1
09-12 16:15:02(10064) LS_CAPTURE INFO: [CLSMediaCapture::CreateLiveStream:1027]enter
09-12 16:15:02(10064) LS_CAPTURE INFO: [CLSMediaCapture::CreateLiveStream:1034]CLSMediaCapture::Initialize: rtmp://pa0a19f55.live.126.net/live/2794c854398f4d05934157e05e2fe419?wsSecret=8880e62060dc3c263cc3ab64896eec30&wsTime=1471330016
09-12 16:15:02(10064) PID_CBLS INFO: [Cbls_GetConfInf:578]send conf req:{
	"domainUrl":	"rtmp://pa0a19f55.live.126.net/live/2794c854398f4d05934157e05e2fe419?wsSecret=8880e62060dc3c263cc3ab64896eec30&wsTime=1471330016",
	"sdk_type":	0,
	"sdk_version":	"110",
	"network":	0,
	"platform":	3
}
09-12 16:15:02(10064) PID_CBLS INFO: [Cbls_GetConfInf:605]pucRetCon:{"ret":null,"code":200}
09-12 16:15:02(10064) PID_CBLS INFO: [Cbls_GetConfInf:623]ip_center_schedule: 
09-12 16:15:02(10064) PID_CBLS INFO: [Cbls_GetConfInf:625]qos_para_download: 
09-12 16:15:02(10064) PID_CBLS INFO: [Cbls_GetConfInf:627]qos_adjust_interval: 200
09-12 16:15:02(10064) PID_CBLS INFO: [Cbls_GetConfInf:629]qos_type: 200
09-12 16:15:02(10064) PID_CBLS INFO: [Cbls_GetBestUrlWANGSUPath:341]send best wangsuo url req:{
}
09-12 16:15:02(10064) PID_CBLS INFO: [Cbls_GetBestUrlWANGSUPath:370]pucRetCon:rtmp://211.94.114.29/live/2794c854398f4d05934157e05e2fe419?wsSecret=8880e62060dc3c263cc3ab64896eec30&wsTime=1471330016&wsiphost=ipdbm&wsHost=pn1.live.126.net
09-12 16:15:02(10064) PID_CBLS INFO: [Cbls_SendConnectStatus:495]send stats:{
	"hardware":	"false",
	"device_id":	"28:f3:66:09:16:16",
	"platform":	"",
	"manufacturer":	"Microsoft",
	"session_id":	"1473668102833",
	"sdk_version":	"V1.1.1",
	"push_url":	"rtmp://211.94.114.29/live/2794c854398f4d05934157e05e2fe419?wsSecret=8880e62060dc3c263cc3ab64896eec30&wsTime=1471330016&wsiphost=ipdbm&wsHost=pa0a19f55.live.126.net",
	"create_time":	"1473668102833",
	"print_time":	"1473668102860",
	"connectStats":	"1"
}
09-12 16:15:02(10064) PID_CBLS INFO: [Cbls_SendConnectStatus:532]pucRetCon:{"time":1473668104735,"code":200}, code:200
09-12 16:15:02(10064) ICH INFO: [Mem_OutSysCtxOpen:12]rtmp://211.94.114.29/live/2794c854398f4d05934157e05e2fe419?wsSecret=8880e62060dc3c263cc3ab64896eec30&wsTime=1471330016&wsiphost=ipdbm&wsHost=pa0a19f55.live.126.net,rtmp://211.94.114.29/live/2794c854398f4d05934157e05e2fe419?wsSecret=8880e62060dc3c263cc3ab64896eec30&wsTime=1471330016&wsiphost=ipdbm&wsHost=pa0a19f55.live.126.net
09-12 16:15:02(10064) LS_CAPTURE INFO: [CLSMediaCapture::StartLiveStream:507]CreateLiveStream need 266 ms
09-12 16:15:03(10064) LS_CAPMIC INFO: [CLSAudioCaptureMicrophone::IsFormatSupport:294]IsFormatSupport:yes
09-12 16:15:03(10064) LS_CAPMIC INFO: [CLSAudioCaptureMicrophone::IsFormatSupport:298]audioformat:samplerate:44100,numofchannels:1,bitspersample:16 supported
09-12 16:15:03(10064) LS_CAPTURE INFO: [CLSMediaCapture::StartAudioLiveStream:755]OpenDevice need 109
09-12 16:15:03(10064) cos INFO: [Cos_ThreadCreate:99]thread[LS_CAPMIC]:0xaee8c98 create OK
09-12 16:15:03(10064) LS_CAPTURE INFO: [CLSMediaCapture::StartAudioLiveStream:763]StartAudioLiveStream need 0 ms
09-12 16:15:03(10064) cos INFO: [Cos_ThreadCreate:99]thread[NLSS_PID]:0xb1b3460 create OK
09-12 16:15:03(6748) cos INFO: [Cos_ThreadProc:199]thread[LS_CAPMIC]:0xaee8c98 , threadid:6748 start ok
09-12 16:15:03(9704) cos INFO: [Cos_ThreadProc:199]thread[NLSS_PID]:0xb1b3460 , threadid:9704 start ok
09-12 16:15:03(6748) cos INFO: [Cos_ThreadCreate:99]thread[NLSS_ALS]:0xb1c85a0 create OK
09-12 16:15:03(6748) NLSS_ALS INFO: [Nlss_AudioStart:85]AudioStreaming:samplerate 44100
09-12 16:15:03(6748) ICH INFO: [Mem_AudioCtxOpen:49]InitAudioStream: pstAudioParam:750ece0, audio_enc_buf:b239028, bitrate:64000, sample_rate:44100, nb_samples:1024, channel_layout:4, fmt:1
09-12 16:15:03(9380) cos INFO: [Cos_ThreadProc:199]thread[NLSS_ALS]:0xb1c85a0 , threadid:9380 start ok
09-12 16:15:03(6748) PID_MEM INFO: [Mem_OutStreamWriteHeader:148]write the flv header here
09-12 16:15:03(6748) NLSS_ALS INFO: [Nlss_AudioStart:98]start to living....
09-12 16:15:03(9380) PID_MEM ERR: [Mem_AudioWriteStream:328]enhancer_enhanceSpeech failed
09-12 16:15:03(9380) PID_CBLS ERR: [Cbls_WriteAudioStream:263]Mem_VideoWriteStream failed
09-12 16:15:03(9380) PID_MEM ERR: [Mem_AudioWriteStream:328]enhancer_enhanceSpeech failed
09-12 16:15:03(9380) PID_CBLS ERR: [Cbls_WriteAudioStream:263]Mem_VideoWriteStream failed
09-12 16:15:03(9380) PID_MEM ERR: [Mem_AudioWriteStream:328]enhancer_enhanceSpeech failed
09-12 16:15:03(9380) PID_CBLS ERR: [Cbls_WriteAudioStream:263]Mem_VideoWriteStream failed
09-12 16:15:03(9704) PID_CBLS ERR: [Cbls_SendLivingStatus:402]call fun:(iTrd_Json_Parse) err<0>
09-12 16:15:04(9704) cos ERR: [Mem_VideoGetStats:308]inparam err ((_VOID *)(hMemVideoEncodeCtx)) == COS_NULL
09-12 16:15:05(9704) cos ERR: [Mem_VideoGetStats:308]inparam err ((_VOID *)(hMemVideoEncodeCtx)) == COS_NULL
09-12 16:15:06(9704) cos ERR: [Mem_VideoGetStats:308]inparam err ((_VOID *)(hMemVideoEncodeCtx)) == COS_NULL
09-12 16:15:07(9704) cos ERR: [Mem_VideoGetStats:308]inparam err ((_VOID *)(hMemVideoEncodeCtx)) == COS_NULL
09-12 16:15:08(9704) cos ERR: [Mem_VideoGetStats:308]inparam err ((_VOID *)(hMemVideoEncodeCtx)) == COS_NULL
09-12 16:15:09(9704) cos ERR: [Mem_VideoGetStats:308]inparam err ((_VOID *)(hMemVideoEncodeCtx)) == COS_NULL
09-12 16:15:10(9704) cos ERR: [Mem_VideoGetStats:308]inparam err ((_VOID *)(hMemVideoEncodeCtx)) == COS_NULL
09-12 16:15:11(9704) cos ERR: [Mem_VideoGetStats:308]inparam err ((_VOID *)(hMemVideoEncodeCtx)) == COS_NULL
09-12 16:15:12(9704) cos ERR: [Mem_VideoGetStats:308]inparam err ((_VOID *)(hMemVideoEncodeCtx)) == COS_NULL
09-12 16:15:13(9704) cos ERR: [Mem_VideoGetStats:308]inparam err ((_VOID *)(hMemVideoEncodeCtx)) == COS_NULL
09-12 16:15:13(9704) PID_CBLS ERR: [Cbls_SendLivingStatus:402]call fun:(iTrd_Json_Parse) err<0>
09-12 16:15:14(9704) cos ERR: [Mem_VideoGetStats:308]inparam err ((_VOID *)(hMemVideoEncodeCtx)) == COS_NULL
09-12 16:15:15(9704) cos ERR: [Mem_VideoGetStats:308]inparam err ((_VOID *)(hMemVideoEncodeCtx)) == COS_NULL
09-12 16:15:16(9704) cos ERR: [Mem_VideoGetStats:308]inparam err ((_VOID *)(hMemVideoEncodeCtx)) == COS_NULL
09-12 16:15:17(9704) cos ERR: [Mem_VideoGetStats:308]inparam err ((_VOID *)(hMemVideoEncodeCtx)) == COS_NULL
09-12 16:15:18(9704) cos ERR: [Mem_VideoGetStats:308]inparam err ((_VOID *)(hMemVideoEncodeCtx)) == COS_NULL
09-12 16:15:19(9704) cos ERR: [Mem_VideoGetStats:308]inparam err ((_VOID *)(hMemVideoEncodeCtx)) == COS_NULL
09-12 16:15:20(9704) cos ERR: [Mem_VideoGetStats:308]inparam err ((_VOID *)(hMemVideoEncodeCtx)) == COS_NULL
09-12 16:15:21(9704) cos ERR: [Mem_VideoGetStats:308]inparam err ((_VOID *)(hMemVideoEncodeCtx)) == COS_NULL
09-12 16:15:22(9704) cos ERR: [Mem_VideoGetStats:308]inparam err ((_VOID *)(hMemVideoEncodeCtx)) == COS_NULL
09-12 16:15:23(9704) cos ERR: [Mem_VideoGetStats:308]inparam err ((_VOID *)(hMemVideoEncodeCtx)) == COS_NULL
