09-12 18:02:16(6876) cos INFO: [Cos_ThreadCreate:99]thread[Cos_InetMgr]:0x613fd60 create OK
09-12 18:02:16(6876) cos INFO: [Cos_TimerMgrStartProc:135]timer mgr start proc
09-12 18:02:16(6876) cos INFO: [Cos_ThreadCreate:99]thread[COS_TIMER]:0x61541c8 create OK
09-12 18:02:16(6876) cos INFO: [Cos_ThreadCreate:99]thread[COS_PID_MGR]:0x6154a60 create OK
09-12 18:02:16(6876) cos INFO: [Cos_PidMgrStart:28]Cos_PidMgrStart g_stPidMgr.hPidMgrQueue is : 6154a10
09-12 18:02:16(6876) cos INFO: [Cos_SysInit:86]Cos init ok
09-12 18:02:16(6876) PID_BASE INFO: [Cbbs_SysInit:13]sdk init WorkPath:C:\Users\lenovo\qatime\qatime-studio\qatime-studio CachePath:C:\Users\lenovo\qatime\qatime-studio\qatime-studio
09-12 18:02:16(8320) cos INFO: [Cos_ThreadProc:199]thread[Cos_InetMgr]:0x613fd60 , threadid:8320 start ok
09-12 18:02:16(8148) cos INFO: [Cos_ThreadProc:199]thread[COS_TIMER]:0x61541c8 , threadid:8148 start ok
09-12 18:02:16(8148) cos INFO: [Cos_TimerMgrProc:111]timer mgr start proc OK
09-12 18:02:16(5332) cos INFO: [Cos_ThreadProc:199]thread[COS_PID_MGR]:0x6154a60 , threadid:5332 start ok
09-12 18:02:16(5332) cos INFO: [Cos_PidMgrProc:52]pidmgr start OK
09-12 18:02:24(6876) NLSS_LOG ERR: [Nlss_Destroy:150]enter
09-12 18:02:24(6876) PID_BASE INFO: [Cbbs_SysDestroy:23]sdk destroy succeeded
09-12 18:02:24(6876) cos INFO: [Cos_TimerMgrStopProc:157]timer mgr stop proc
09-12 18:02:24(8148) cos INFO: [Cos_TimerMgrProc:129]timer mgr stop proc OK
09-12 18:02:24(8148) cos INFO: [Cos_ThreadProc:215]thread[COS_TIMER]:0x61541c8, threadid:8148 proc complete
09-12 18:02:24(6876) cos INFO: [Cos_ThreadDelete:151]thread[COS_TIMER]:0x61541c8 delete ok
09-12 18:02:24(5332) cos INFO: [Cos_PidMgrProc:63]pidmgr over
09-12 18:02:24(5332) cos INFO: [Cos_ThreadProc:215]thread[COS_PID_MGR]:0x6154a60, threadid:5332 proc complete
09-12 18:02:24(6876) cos INFO: [Cos_ThreadDelete:151]thread[COS_PID_MGR]:0x6154a60 delete ok
